{"meta": {"format": 3, "version": "7.14.0", "timestamp": "2026-07-08T10:35:07.184446", "branch_coverage": false, "show_contexts": false}, "files": {"/Users/mac/Desktop/moat/moat/__init__.py": {"executed_lines": [10, 11, 13], "summary": {"covered_lines": 3, "num_statements": 3, "percent_covered": 100.0, "percent_covered_display": "100", "missing_lines": 0, "excluded_lines": 0, "percent_statements_covered": 100.0, "percent_statements_covered_display": "100"}, "missing_lines": [], "excluded_lines": [], "functions": {"": {"executed_lines": [10, 11, 13], "summary": {"covered_lines": 3, "num_statements": 3, "percent_covered": 100.0, "percent_covered_display": "100", "missing_lines": 0, "excluded_lines": 0, "percent_statements_covered": 100.0, "percent_statements_covered_display": "100"}, "missing_lines": [], "excluded_lines": [], "start_line": 1}}, "classes": {"": {"executed_lines": [10, 11, 13], "summary": {"covered_lines": 3, "num_statements": 3, "percent_covered": 100.0, "percent_covered_display": "100", "missing_lines": 0, "excluded_lines": 0, "percent_statements_covered": 100.0, "percent_statements_covered_display": "100"}, "missing_lines": [], "excluded_lines": [], "start_line": 1}}}, "/Users/mac/Desktop/moat/moat/__main__.py": {"executed_lines": [], "summary": {"covered_lines": 0, "num_statements": 3, "percent_covered": 0.0, "percent_covered_display": "0", "missing_lines": 3, "excluded_lines": 0, "percent_statements_covered": 0.0, "percent_statements_covered_display": "0"}, "missing_lines": [2, 4, 5], "excluded_lines": [], "functions": {"": {"executed_lines": [], "summary": {"covered_lines": 0, "num_statements": 3, "percent_covered": 0.0, "percent_covered_display": "0", "missing_lines": 3, "excluded_lines": 0, "percent_statements_covered": 0.0, "percent_statements_covered_display": "0"}, "missing_lines": [2, 4, 5], "excluded_lines": [], "start_line": 1}}, "classes": {"": {"executed_lines": [], "summary": {"covered_lines": 0, "num_statements": 3, "percent_covered": 0.0, "percent_covered_display": "0", "missing_lines": 3, "excluded_lines": 0, "percent_statements_covered": 0.0, "percent_statements_covered_display": "0"}, "missing_lines": [2, 4, 5], "excluded_lines": [], "start_line": 1}}}, "/Users/mac/Desktop/moat/moat/adapters/__init__.py": {"executed_lines": [], "summary": {"covered_lines": 0, "num_statements": 41, "percent_covered": 0.0, "percent_covered_display": "0", "missing_lines": 41, "excluded_lines": 0, "percent_statements_covered": 0.0, "percent_statements_covered_display": "0"}, "missing_lines": [2, 5, 7, 8, 10, 11, 12, 13, 14, 15, 17, 19, 22, 24, 25, 26, 27, 28, 29, 30, 31, 33, 34, 37, 39, 40, 41, 43, 60, 61, 62, 65, 66, 100, 101, 112, 113, 114, 115, 116, 117], "excluded_lines": [], "functions": {"install_claude_adapter": {"executed_lines": [], "summary": {"covered_lines": 0, "num_statements": 10, "percent_covered": 0.0, "percent_covered_display": "0", "missing_lines": 10, "excluded_lines": 0, "percent_statements_covered": 0.0, "percent_statements_covered_display": "0"}, "missing_lines": [7, 8, 10, 11, 12, 13, 14, 15, 17, 19], "excluded_lines": [], "start_line": 5}, "install_cursor_adapter": {"executed_lines": [], "summary": {"covered_lines": 0, "num_statements": 10, "percent_covered": 0.0, "percent_covered_display": "0", "missing_lines": 10, "excluded_lines": 0, "percent_statements_covered": 0.0, "percent_statements_covered_display": "0"}, "missing_lines": [24, 25, 26, 27, 28, 29, 30, 31, 33, 34], "excluded_lines": [], "start_line": 22}, "install_precommit_hook": {"executed_lines": [], "summary": {"covered_lines": 0, "num_statements": 7, "percent_covered": 0.0, "percent_covered_display": "0", "missing_lines": 7, "excluded_lines": 0, "percent_statements_covered": 0.0, "percent_statements_covered_display": "0"}, "missing_lines": [39, 40, 41, 43, 60, 61, 62], "excluded_lines": [], "start_line": 37}, "_generate_claude_rules": {"executed_lines": [], "summary": {"covered_lines": 0, "num_statements": 1, "percent_covered": 0.0, "percent_covered_display": "0", "missing_lines": 1, "excluded_lines": 0, "percent_statements_covered": 0.0, "percent_statements_covered_display": "0"}, "missing_lines": [66], "excluded_lines": [], "start_line": 65}, "_generate_cursor_rules": {"executed_lines": [], "summary": {"covered_lines": 0, "num_statements": 1, "percent_covered": 0.0, "percent_covered_display": "0", "missing_lines": 1, "excluded_lines": 0, "percent_statements_covered": 0.0, "percent_statements_covered_display": "0"}, "missing_lines": [101], "excluded_lines": [], "start_line": 100}, "_find_log_relative": {"executed_lines": [], "summary": {"covered_lines": 0, "num_statements": 5, "percent_covered": 0.0, "percent_covered_display": "0", "missing_lines": 5, "excluded_lines": 0, "percent_statements_covered": 0.0, "percent_statements_covered_display": "0"}, "missing_lines": [113, 114, 115, 116, 117], "excluded_lines": [], "start_line": 112}, "": {"executed_lines": [], "summary": {"covered_lines": 0, "num_statements": 7, "percent_covered": 0.0, "percent_covered_display": "0", "missing_lines": 7, "excluded_lines": 0, "percent_statements_covered": 0.0, "percent_statements_covered_display": "0"}, "missing_lines": [2, 5, 22, 37, 65, 100, 112], "excluded_lines": [], "start_line": 1}}, "classes": {"": {"executed_lines": [], "summary": {"covered_lines": 0, "num_statements": 41, "percent_covered": 0.0, "percent_covered_display": "0", "missing_lines": 41, "excluded_lines": 0, "percent_statements_covered": 0.0, "percent_statements_covered_display": "0"}, "missing_lines": [2, 5, 7, 8, 10, 11, 12, 13, 14, 15, 17, 19, 22, 24, 25, 26, 27, 28, 29, 30, 31, 33, 34, 37, 39, 40, 41, 43, 60, 61, 62, 65, 66, 100, 101, 112, 113, 114, 115, 116, 117], "excluded_lines": [], "start_line": 1}}}, "/Users/mac/Desktop/moat/moat/ast/__init__.py": {"executed_lines": [], "summary": {"covered_lines": 0, "num_statements": 0, "percent_covered": 100.0, "percent_covered_display": "100", "missing_lines": 0, "excluded_lines": 0, "percent_statements_covered": 100.0, "percent_statements_covered_display": "100"}, "missing_lines": [], "excluded_lines": [], "functions": {"": {"executed_lines": [], "summary": {"covered_lines": 0, "num_statements": 0, "percent_covered": 100.0, "percent_covered_display": "100", "missing_lines": 0, "excluded_lines": 0, "percent_statements_covered": 100.0, "percent_statements_covered_display": "100"}, "missing_lines": [], "excluded_lines": [], "start_line": 1}}, "classes": {"": {"executed_lines": [], "summary": {"covered_lines": 0, "num_statements": 0, "percent_covered": 100.0, "percent_covered_display": "100", "missing_lines": 0, "excluded_lines": 0, "percent_statements_covered": 100.0, "percent_statements_covered_display": "100"}, "missing_lines": [], "excluded_lines": [], "start_line": 1}}}, "/Users/mac/Desktop/moat/moat/ast/builder.py": {"executed_lines": [], "summary": {"covered_lines": 0, "num_statements": 152, "percent_covered": 0.0, "percent_covered_display": "0", "missing_lines": 152, "excluded_lines": 0, "percent_statements_covered": 0.0, "percent_statements_covered_display": "0"}, "missing_lines": [11, 12, 13, 14, 17, 20, 21, 22, 23, 24, 26, 27, 35, 38, 39, 40, 41, 42, 44, 45, 53, 56, 57, 58, 59, 60, 61, 63, 72, 73, 75, 77, 79, 81, 84, 93, 94, 97, 98, 100, 102, 103, 104, 106, 108, 109, 110, 111, 113, 118, 119, 121, 123, 124, 125, 127, 129, 130, 131, 132, 135, 136, 137, 138, 139, 140, 142, 143, 146, 147, 150, 151, 152, 153, 154, 157, 158, 165, 166, 168, 177, 179, 180, 182, 183, 185, 187, 189, 198, 199, 200, 201, 202, 204, 215, 216, 217, 218, 219, 221, 222, 225, 226, 227, 234, 236, 246, 248, 249, 252, 253, 254, 255, 258, 259, 261, 262, 264, 266, 268, 269, 271, 274, 275, 277, 278, 279, 280, 282, 284, 285, 294, 296, 298, 311, 313, 316, 325, 326, 327, 328, 331, 333, 335, 336, 338, 339, 340, 343, 344, 345, 346], "excluded_lines": [], "functions": {"FunctionInfo.__init__": {"executed_lines": [], "summary": {"covered_lines": 0, "num_statements": 4, "percent_covered": 0.0, "percent_covered_display": "0", "missing_lines": 4, "excluded_lines": 0, "percent_statements_covered": 0.0, "percent_statements_covered_display": "0"}, "missing_lines": [21, 22, 23, 24], "excluded_lines": [], "start_line": 20}, "FunctionInfo.to_dict": {"executed_lines": [], "summary": {"covered_lines": 0, "num_statements": 1, "percent_covered": 0.0, "percent_covered_display": "0", "missing_lines": 1, "excluded_lines": 0, "percent_statements_covered": 0.0, "percent_statements_covered_display": "0"}, "missing_lines": [27], "excluded_lines": [], "start_line": 26}, "Edge.__init__": {"executed_lines": [], "summary": {"covered_lines": 0, "num_statements": 4, "percent_covered": 0.0, "percent_covered_display": "0", "missing_lines": 4, "excluded_lines": 0, "percent_statements_covered": 0.0, "percent_statements_covered_display": "0"}, "missing_lines": [39, 40, 41, 42], "excluded_lines": [], "start_line": 38}, "Edge.to_dict": {"executed_lines": [], "summary": {"covered_lines": 0, "num_statements": 1, "percent_covered": 0.0, "percent_covered_display": "0", "missing_lines": 1, "excluded_lines": 0, "percent_statements_covered": 0.0, "percent_statements_covered_display": "0"}, "missing_lines": [45], "excluded_lines": [], "start_line": 44}, "ProjectSkeleton.__init__": {"executed_lines": [], "summary": {"covered_lines": 0, "num_statements": 5, "percent_covered": 0.0, "percent_covered_display": "0", "missing_lines": 5, "excluded_lines": 0, "percent_statements_covered": 0.0, "percent_statements_covered_display": "0"}, "missing_lines": [57, 58, 59, 60, 61], "excluded_lines": [], "start_line": 56}, "ProjectSkeleton.build": {"executed_lines": [], "summary": {"covered_lines": 0, "num_statements": 4, "percent_covered": 0.0, "percent_covered_display": "0", "missing_lines": 4, "excluded_lines": 0, "percent_statements_covered": 0.0, "percent_statements_covered_display": "0"}, "missing_lines": [72, 73, 75, 77], "excluded_lines": [], "start_line": 63}, "ProjectSkeleton._build_python": {"executed_lines": [], "summary": {"covered_lines": 0, "num_statements": 6, "percent_covered": 0.0, "percent_covered_display": "0", "missing_lines": 6, "excluded_lines": 0, "percent_statements_covered": 0.0, "percent_statements_covered_display": "0"}, "missing_lines": [81, 84, 93, 94, 97, 98], "excluded_lines": [], "start_line": 79}, "ProjectSkeleton._extract_functions_from_file": {"executed_lines": [], "summary": {"covered_lines": 0, "num_statements": 11, "percent_covered": 0.0, "percent_covered_display": "0", "missing_lines": 11, "excluded_lines": 0, "percent_statements_covered": 0.0, "percent_statements_covered_display": "0"}, "missing_lines": [102, 103, 104, 106, 108, 109, 110, 111, 113, 118, 119], "excluded_lines": [], "start_line": 100}, "ProjectSkeleton._build_call_graph_from_file": {"executed_lines": [], "summary": {"covered_lines": 0, "num_statements": 27, "percent_covered": 0.0, "percent_covered_display": "0", "missing_lines": 27, "excluded_lines": 0, "percent_statements_covered": 0.0, "percent_statements_covered_display": "0"}, "missing_lines": [123, 124, 125, 127, 129, 130, 131, 132, 135, 136, 137, 138, 139, 140, 142, 143, 146, 147, 150, 151, 152, 153, 154, 157, 158, 165, 166], "excluded_lines": [], "start_line": 121}, "ProjectSkeleton._detect_call_confidence": {"executed_lines": [], "summary": {"covered_lines": 0, "num_statements": 7, "percent_covered": 0.0, "percent_covered_display": "0", "missing_lines": 7, "excluded_lines": 0, "percent_statements_covered": 0.0, "percent_statements_covered_display": "0"}, "missing_lines": [177, 179, 180, 182, 183, 185, 187], "excluded_lines": [], "start_line": 168}, "ProjectSkeleton.find_callers": {"executed_lines": [], "summary": {"covered_lines": 0, "num_statements": 5, "percent_covered": 0.0, "percent_covered_display": "0", "missing_lines": 5, "excluded_lines": 0, "percent_statements_covered": 0.0, "percent_statements_covered_display": "0"}, "missing_lines": [198, 199, 200, 201, 202], "excluded_lines": [], "start_line": 189}, "ProjectSkeleton.find_impacts": {"executed_lines": [], "summary": {"covered_lines": 0, "num_statements": 11, "percent_covered": 0.0, "percent_covered_display": "0", "missing_lines": 11, "excluded_lines": 0, "percent_statements_covered": 0.0, "percent_statements_covered_display": "0"}, "missing_lines": [215, 216, 217, 218, 219, 221, 222, 225, 226, 227, 234], "excluded_lines": [], "start_line": 204}, "ProjectSkeleton.analyze_impacts": {"executed_lines": [], "summary": {"covered_lines": 0, "num_statements": 26, "percent_covered": 0.0, "percent_covered_display": "0", "missing_lines": 26, "excluded_lines": 0, "percent_statements_covered": 0.0, "percent_statements_covered_display": "0"}, "missing_lines": [246, 248, 249, 252, 253, 254, 255, 258, 259, 261, 262, 264, 266, 268, 269, 271, 274, 275, 277, 278, 279, 280, 282, 284, 285, 294], "excluded_lines": [], "start_line": 236}, "ProjectSkeleton.to_dict": {"executed_lines": [], "summary": {"covered_lines": 0, "num_statements": 1, "percent_covered": 0.0, "percent_covered_display": "0", "missing_lines": 1, "excluded_lines": 0, "percent_statements_covered": 0.0, "percent_statements_covered_display": "0"}, "missing_lines": [298], "excluded_lines": [], "start_line": 296}, "ProjectSkeleton.to_json": {"executed_lines": [], "summary": {"covered_lines": 0, "num_statements": 1, "percent_covered": 0.0, "percent_covered_display": "0", "missing_lines": 1, "excluded_lines": 0, "percent_statements_covered": 0.0, "percent_statements_covered_display": "0"}, "missing_lines": [313], "excluded_lines": [], "start_line": 311}, "build_skeleton": {"executed_lines": [], "summary": {"covered_lines": 0, "num_statements": 4, "percent_covered": 0.0, "percent_covered_display": "0", "missing_lines": 4, "excluded_lines": 0, "percent_statements_covered": 0.0, "percent_statements_covered_display": "0"}, "missing_lines": [325, 326, 327, 328], "excluded_lines": [], "start_line": 316}, "": {"executed_lines": [], "summary": {"covered_lines": 0, "num_statements": 34, "percent_covered": 0.0, "percent_covered_display": "0", "missing_lines": 34, "excluded_lines": 0, "percent_statements_covered": 0.0, "percent_statements_covered_display": "0"}, "missing_lines": [11, 12, 13, 14, 17, 20, 26, 35, 38, 44, 53, 56, 63, 79, 100, 121, 168, 189, 204, 236, 296, 311, 316, 331, 333, 335, 336, 338, 339, 340, 343, 344, 345, 346], "excluded_lines": [], "start_line": 1}}, "classes": {"FunctionInfo": {"executed_lines": [], "summary": {"covered_lines": 0, "num_statements": 5, "percent_covered": 0.0, "percent_covered_display": "0", "missing_lines": 5, "excluded_lines": 0, "percent_statements_covered": 0.0, "percent_statements_covered_display": "0"}, "missing_lines": [21, 22, 23, 24, 27], "excluded_lines": [], "start_line": 17}, "Edge": {"executed_lines": [], "summary": {"covered_lines": 0, "num_statements": 5, "percent_covered": 0.0, "percent_covered_display": "0", "missing_lines": 5, "excluded_lines": 0, "percent_statements_covered": 0.0, "percent_statements_covered_display": "0"}, "missing_lines": [39, 40, 41, 42, 45], "excluded_lines": [], "start_line": 35}, "ProjectSkeleton": {"executed_lines": [], "summary": {"covered_lines": 0, "num_statements": 104, "percent_covered": 0.0, "percent_covered_display": "0", "missing_lines": 104, "excluded_lines": 0, "percent_statements_covered": 0.0, "percent_statements_covered_display": "0"}, "missing_lines": [57, 58, 59, 60, 61, 72, 73, 75, 77, 81, 84, 93, 94, 97, 98, 102, 103, 104, 106, 108, 109, 110, 111, 113, 118, 119, 123, 124, 125, 127, 129, 130, 131, 132, 135, 136, 137, 138, 139, 140, 142, 143, 146, 147, 150, 151, 152, 153, 154, 157, 158, 165, 166, 177, 179, 180, 182, 183, 185, 187, 198, 199, 200, 201, 202, 215, 216, 217, 218, 219, 221, 222, 225, 226, 227, 234, 246, 248, 249, 252, 253, 254, 255, 258, 259, 261, 262, 264, 266, 268, 269, 271, 274, 275, 277, 278, 279, 280, 282, 284, 285, 294, 298, 313], "excluded_lines": [], "start_line": 53}, "": {"executed_lines": [], "summary": {"covered_lines": 0, "num_statements": 38, "percent_covered": 0.0, "percent_covered_display": "0", "missing_lines": 38, "excluded_lines": 0, "percent_statements_covered": 0.0, "percent_statements_covered_display": "0"}, "missing_lines": [11, 12, 13, 14, 17, 20, 26, 35, 38, 44, 53, 56, 63, 79, 100, 121, 168, 189, 204, 236, 296, 311, 316, 325, 326, 327, 328, 331, 333, 335, 336, 338, 339, 340, 343, 344, 345, 346], "excluded_lines": [], "start_line": 1}}}, "/Users/mac/Desktop/moat/moat/ast/diff.py": {"executed_lines": [], "summary": {"covered_lines": 0, "num_statements": 97, "percent_covered": 0.0, "percent_covered_display": "0", "missing_lines": 97, "excluded_lines": 0, "percent_statements_covered": 0.0, "percent_statements_covered_display": "0"}, "missing_lines": [5, 6, 7, 10, 13, 16, 17, 18, 19, 20, 21, 23, 24, 32, 35, 36, 37, 39, 51, 52, 54, 56, 57, 58, 61, 62, 63, 64, 65, 68, 70, 72, 75, 78, 79, 82, 83, 84, 86, 87, 95, 103, 104, 105, 111, 113, 115, 116, 117, 118, 119, 121, 125, 127, 129, 131, 132, 133, 139, 140, 141, 142, 144, 146, 156, 158, 160, 161, 163, 164, 165, 166, 168, 169, 175, 178, 188, 190, 193, 194, 200, 201, 203, 204, 205, 206, 209, 212, 213, 215, 216, 217, 218, 219, 220, 221, 223], "excluded_lines": [], "functions": {"CodeChange.__init__": {"executed_lines": [], "summary": {"covered_lines": 0, "num_statements": 6, "percent_covered": 0.0, "percent_covered_display": "0", "missing_lines": 6, "excluded_lines": 0, "percent_statements_covered": 0.0, "percent_statements_covered_display": "0"}, "missing_lines": [16, 17, 18, 19, 20, 21], "excluded_lines": [], "start_line": 13}, "CodeChange.to_dict": {"executed_lines": [], "summary": {"covered_lines": 0, "num_statements": 1, "percent_covered": 0.0, "percent_covered_display": "0", "missing_lines": 1, "excluded_lines": 0, "percent_statements_covered": 0.0, "percent_statements_covered_display": "0"}, "missing_lines": [24], "excluded_lines": [], "start_line": 23}, "ASTDiffer.__init__": {"executed_lines": [], "summary": {"covered_lines": 0, "num_statements": 2, "percent_covered": 0.0, "percent_covered_display": "0", "missing_lines": 2, "excluded_lines": 0, "percent_statements_covered": 0.0, "percent_statements_covered_display": "0"}, "missing_lines": [36, 37], "excluded_lines": [], "start_line": 35}, "ASTDiffer.diff_file": {"executed_lines": [], "summary": {"covered_lines": 0, "num_statements": 13, "percent_covered": 0.0, "percent_covered_display": "0", "missing_lines": 13, "excluded_lines": 0, "percent_statements_covered": 0.0, "percent_statements_covered_display": "0"}, "missing_lines": [51, 52, 54, 56, 57, 58, 61, 62, 63, 64, 65, 68, 70], "excluded_lines": [], "start_line": 39}, "ASTDiffer._diff_functions": {"executed_lines": [], "summary": {"covered_lines": 0, "num_statements": 13, "percent_covered": 0.0, "percent_covered_display": "0", "missing_lines": 13, "excluded_lines": 0, "percent_statements_covered": 0.0, "percent_statements_covered_display": "0"}, "missing_lines": [75, 78, 79, 82, 83, 84, 86, 87, 95, 103, 104, 105, 111], "excluded_lines": [], "start_line": 72}, "ASTDiffer._extract_funcs": {"executed_lines": [], "summary": {"covered_lines": 0, "num_statements": 5, "percent_covered": 0.0, "percent_covered_display": "0", "missing_lines": 5, "excluded_lines": 0, "percent_statements_covered": 0.0, "percent_statements_covered_display": "0"}, "missing_lines": [115, 116, 117, 118, 119], "excluded_lines": [], "start_line": 113}, "ASTDiffer._has_substantial_change": {"executed_lines": [], "summary": {"covered_lines": 0, "num_statements": 1, "percent_covered": 0.0, "percent_covered_display": "0", "missing_lines": 1, "excluded_lines": 0, "percent_statements_covered": 0.0, "percent_statements_covered_display": "0"}, "missing_lines": [125], "excluded_lines": [], "start_line": 121}, "ASTDiffer._get_git_version": {"executed_lines": [], "summary": {"covered_lines": 0, "num_statements": 9, "percent_covered": 0.0, "percent_covered_display": "0", "missing_lines": 9, "excluded_lines": 0, "percent_statements_covered": 0.0, "percent_statements_covered_display": "0"}, "missing_lines": [129, 131, 132, 133, 139, 140, 141, 142, 144], "excluded_lines": [], "start_line": 127}, "ASTDiffer.analyze_impacts": {"executed_lines": [], "summary": {"covered_lines": 0, "num_statements": 11, "percent_covered": 0.0, "percent_covered_display": "0", "missing_lines": 11, "excluded_lines": 0, "percent_statements_covered": 0.0, "percent_statements_covered_display": "0"}, "missing_lines": [156, 158, 160, 161, 163, 164, 165, 166, 168, 169, 175], "excluded_lines": [], "start_line": 146}, "diff_project": {"executed_lines": [], "summary": {"covered_lines": 0, "num_statements": 21, "percent_covered": 0.0, "percent_covered_display": "0", "missing_lines": 21, "excluded_lines": 0, "percent_statements_covered": 0.0, "percent_statements_covered_display": "0"}, "missing_lines": [188, 190, 193, 194, 200, 201, 203, 204, 205, 206, 209, 212, 213, 215, 216, 217, 218, 219, 220, 221, 223], "excluded_lines": [], "start_line": 178}, "": {"executed_lines": [], "summary": {"covered_lines": 0, "num_statements": 15, "percent_covered": 0.0, "percent_covered_display": "0", "missing_lines": 15, "excluded_lines": 0, "percent_statements_covered": 0.0, "percent_statements_covered_display": "0"}, "missing_lines": [5, 6, 7, 10, 13, 23, 32, 35, 39, 72, 113, 121, 127, 146, 178], "excluded_lines": [], "start_line": 1}}, "classes": {"CodeChange": {"executed_lines": [], "summary": {"covered_lines": 0, "num_statements": 7, "percent_covered": 0.0, "percent_covered_display": "0", "missing_lines": 7, "excluded_lines": 0, "percent_statements_covered": 0.0, "percent_statements_covered_display": "0"}, "missing_lines": [16, 17, 18, 19, 20, 21, 24], "excluded_lines": [], "start_line": 10}, "ASTDiffer": {"executed_lines": [], "summary": {"covered_lines": 0, "num_statements": 54, "percent_covered": 0.0, "percent_covered_display": "0", "missing_lines": 54, "excluded_lines": 0, "percent_statements_covered": 0.0, "percent_statements_covered_display": "0"}, "missing_lines": [36, 37, 51, 52, 54, 56, 57, 58, 61, 62, 63, 64, 65, 68, 70, 75, 78, 79, 82, 83, 84, 86, 87, 95, 103, 104, 105, 111, 115, 116, 117, 118, 119, 125, 129, 131, 132, 133, 139, 140, 141, 142, 144, 156, 158, 160, 161, 163, 164, 165, 166, 168, 169, 175], "excluded_lines": [], "start_line": 32}, "": {"executed_lines": [], "summary": {"covered_lines": 0, "num_statements": 36, "percent_covered": 0.0, "percent_covered_display": "0", "missing_lines": 36, "excluded_lines": 0, "percent_statements_covered": 0.0, "percent_statements_covered_display": "0"}, "missing_lines": [5, 6, 7, 10, 13, 23, 32, 35, 39, 72, 113, 121, 127, 146, 178, 188, 190, 193, 194, 200, 201, 203, 204, 205, 206, 209, 212, 213, 215, 216, 217, 218, 219, 220, 221, 223], "excluded_lines": [], "start_line": 1}}}, "/Users/mac/Desktop/moat/moat/ast/tree_sitter.py": {"executed_lines": [14, 16, 17, 18, 19, 22, 29, 37, 38, 39, 40, 41, 42, 44, 54, 56, 58, 59, 61, 63, 65, 66, 67, 68, 69, 70, 71, 73, 75, 76, 85, 86, 90, 91, 92, 95, 103, 107, 108, 109, 110, 116, 117, 118, 119, 120, 121, 122, 124, 125, 126, 130, 136, 138, 140, 148, 149, 152, 155, 156, 157, 160, 162, 171, 179, 180, 184, 185, 187, 188, 189, 192, 193, 195, 203, 204, 207, 208, 209, 210, 213, 214, 216, 218, 221, 222, 223, 226, 236, 239, 247, 249, 250, 252, 253, 254, 256, 257, 259, 260, 262, 265, 266, 272, 273, 279, 292, 299, 301, 314, 316, 319, 332, 333, 334, 337], "summary": {"covered_lines": 116, "num_statements": 159, "percent_covered": 72.95597484276729, "percent_covered_display": "73", "missing_lines": 43, "excluded_lines": 0, "percent_statements_covered": 72.95597484276729, "percent_statements_covered_display": "73"}, "missing_lines": [77, 78, 87, 104, 111, 112, 113, 127, 128, 150, 158, 181, 224, 276, 277, 281, 282, 283, 284, 285, 286, 287, 288, 290, 294, 295, 296, 297, 338, 340, 341, 343, 345, 346, 347, 349, 350, 351, 352, 355, 356, 357, 360], "excluded_lines": [], "functions": {"TreeSitterBuilder.__init__": {"executed_lines": [38, 39, 40, 41, 42], "summary": {"covered_lines": 5, "num_statements": 5, "percent_covered": 100.0, "percent_covered_display": "100", "missing_lines": 0, "excluded_lines": 0, "percent_statements_covered": 100.0, "percent_statements_covered_display": "100"}, "missing_lines": [], "excluded_lines": [], "start_line": 37}, "TreeSitterBuilder.build": {"executed_lines": [54, 56, 58, 59, 61], "summary": {"covered_lines": 5, "num_statements": 5, "percent_covered": 100.0, "percent_covered_display": "100", "missing_lines": 0, "excluded_lines": 0, "percent_statements_covered": 100.0, "percent_statements_covered_display": "100"}, "missing_lines": [], "excluded_lines": [], "start_line": 44}, "TreeSitterBuilder._detect_languages": {"executed_lines": [65, 66, 67, 68, 69, 70, 71], "summary": {"covered_lines": 7, "num_statements": 7, "percent_covered": 100.0, "percent_covered_display": "100", "missing_lines": 0, "excluded_lines": 0, "percent_statements_covered": 100.0, "percent_statements_covered_display": "100"}, "missing_lines": [], "excluded_lines": [], "start_line": 63}, "TreeSitterBuilder._build_language": {"executed_lines": [75, 76, 85, 86, 90, 91, 92, 95, 103, 107, 108, 109, 110, 116, 117, 118, 119, 120, 121, 122, 124, 125, 126, 130], "summary": {"covered_lines": 24, "num_statements": 33, "percent_covered": 72.72727272727273, "percent_covered_display": "73", "missing_lines": 9, "excluded_lines": 0, "percent_statements_covered": 72.72727272727273, "percent_statements_covered_display": "73"}, "missing_lines": [77, 78, 87, 104, 111, 112, 113, 127, 128], "excluded_lines": [], "start_line": 73}, "TreeSitterBuilder._load_language": {"executed_lines": [138, 140, 148, 149, 152, 155, 156, 157, 160], "summary": {"covered_lines": 9, "num_statements": 11, "percent_covered": 81.81818181818181, "percent_covered_display": "82", "missing_lines": 2, "excluded_lines": 0, "percent_statements_covered": 81.81818181818181, "percent_statements_covered_display": "82"}, "missing_lines": [150, 158], "excluded_lines": [], "start_line": 136}, "TreeSitterBuilder._extract_functions": {"executed_lines": [171, 179, 180, 184, 216], "summary": {"covered_lines": 5, "num_statements": 6, "percent_covered": 83.33333333333333, "percent_covered_display": "83", "missing_lines": 1, "excluded_lines": 0, "percent_statements_covered": 83.33333333333333, "percent_statements_covered_display": "83"}, "missing_lines": [181], "excluded_lines": [], "start_line": 162}, "TreeSitterBuilder._extract_functions.traverse": {"executed_lines": [185, 187, 188, 189, 192, 193, 195, 203, 204, 207, 208, 209, 210, 213, 214], "summary": {"covered_lines": 15, "num_statements": 15, "percent_covered": 100.0, "percent_covered_display": "100", "missing_lines": 0, "excluded_lines": 0, "percent_statements_covered": 100.0, "percent_statements_covered_display": "100"}, "missing_lines": [], "excluded_lines": [], "start_line": 184}, "TreeSitterBuilder._extract_function_name": {"executed_lines": [221, 222, 223], "summary": {"covered_lines": 3, "num_statements": 4, "percent_covered": 75.0, "percent_covered_display": "75", "missing_lines": 1, "excluded_lines": 0, "percent_statements_covered": 75.0, "percent_statements_covered_display": "75"}, "missing_lines": [224], "excluded_lines": [], "start_line": 218}, "TreeSitterBuilder._extract_calls": {"executed_lines": [236, 239, 247, 249, 259, 260], "summary": {"covered_lines": 6, "num_statements": 6, "percent_covered": 100.0, "percent_covered_display": "100", "missing_lines": 0, "excluded_lines": 0, "percent_statements_covered": 100.0, "percent_statements_covered_display": "100"}, "missing_lines": [], "excluded_lines": [], "start_line": 226}, "TreeSitterBuilder._extract_calls.traverse": {"executed_lines": [250, 252, 253, 254, 256, 257], "summary": {"covered_lines": 6, "num_statements": 6, "percent_covered": 100.0, "percent_covered_display": "100", "missing_lines": 0, "excluded_lines": 0, "percent_statements_covered": 100.0, "percent_statements_covered_display": "100"}, "missing_lines": [], "excluded_lines": [], "start_line": 249}, "TreeSitterBuilder._extract_callee_name": {"executed_lines": [265, 266, 272, 273], "summary": {"covered_lines": 4, "num_statements": 6, "percent_covered": 66.66666666666667, "percent_covered_display": "67", "missing_lines": 2, "excluded_lines": 0, "percent_statements_covered": 66.66666666666667, "percent_statements_covered_display": "67"}, "missing_lines": [276, 277], "excluded_lines": [], "start_line": 262}, "TreeSitterBuilder._extract_member_access_name": {"executed_lines": [], "summary": {"covered_lines": 0, "num_statements": 9, "percent_covered": 0.0, "percent_covered_display": "0", "missing_lines": 9, "excluded_lines": 0, "percent_statements_covered": 0.0, "percent_statements_covered_display": "0"}, "missing_lines": [281, 282, 283, 284, 285, 286, 287, 288, 290], "excluded_lines": [], "start_line": 279}, "TreeSitterBuilder._extract_field_name": {"executed_lines": [], "summary": {"covered_lines": 0, "num_statements": 4, "percent_covered": 0.0, "percent_covered_display": "0", "missing_lines": 4, "excluded_lines": 0, "percent_statements_covered": 0.0, "percent_statements_covered_display": "0"}, "missing_lines": [294, 295, 296, 297], "excluded_lines": [], "start_line": 292}, "TreeSitterBuilder.to_dict": {"executed_lines": [301], "summary": {"covered_lines": 1, "num_statements": 1, "percent_covered": 100.0, "percent_covered_display": "100", "missing_lines": 0, "excluded_lines": 0, "percent_statements_covered": 100.0, "percent_statements_covered_display": "100"}, "missing_lines": [], "excluded_lines": [], "start_line": 299}, "TreeSitterBuilder.to_json": {"executed_lines": [316], "summary": {"covered_lines": 1, "num_statements": 1, "percent_covered": 100.0, "percent_covered_display": "100", "missing_lines": 0, "excluded_lines": 0, "percent_statements_covered": 100.0, "percent_statements_covered_display": "100"}, "missing_lines": [], "excluded_lines": [], "start_line": 314}, "build_multilang_skeleton": {"executed_lines": [332, 333, 334], "summary": {"covered_lines": 3, "num_statements": 3, "percent_covered": 100.0, "percent_covered_display": "100", "missing_lines": 0, "excluded_lines": 0, "percent_statements_covered": 100.0, "percent_statements_covered_display": "100"}, "missing_lines": [], "excluded_lines": [], "start_line": 319}, "": {"executed_lines": [14, 16, 17, 18, 19, 22, 29, 37, 44, 63, 73, 136, 162, 218, 226, 262, 279, 292, 299, 314, 319, 337], "summary": {"covered_lines": 22, "num_statements": 37, "percent_covered": 59.45945945945946, "percent_covered_display": "59", "missing_lines": 15, "excluded_lines": 0, "percent_statements_covered": 59.45945945945946, "percent_statements_covered_display": "59"}, "missing_lines": [338, 340, 341, 343, 345, 346, 347, 349, 350, 351, 352, 355, 356, 357, 360], "excluded_lines": [], "start_line": 1}}, "classes": {"TreeSitterBuilder": {"executed_lines": [38, 39, 40, 41, 42, 54, 56, 58, 59, 61, 65, 66, 67, 68, 69, 70, 71, 75, 76, 85, 86, 90, 91, 92, 95, 103, 107, 108, 109, 110, 116, 117, 118, 119, 120, 121, 122, 124, 125, 126, 130, 138, 140, 148, 149, 152, 155, 156, 157, 160, 171, 179, 180, 184, 185, 187, 188, 189, 192, 193, 195, 203, 204, 207, 208, 209, 210, 213, 214, 216, 221, 222, 223, 236, 239, 247, 249, 250, 252, 253, 254, 256, 257, 259, 260, 265, 266, 272, 273, 301, 316], "summary": {"covered_lines": 91, "num_statements": 119, "percent_covered": 76.47058823529412, "percent_covered_display": "76", "missing_lines": 28, "excluded_lines": 0, "percent_statements_covered": 76.47058823529412, "percent_statements_covered_display": "76"}, "missing_lines": [77, 78, 87, 104, 111, 112, 113, 127, 128, 150, 158, 181, 224, 276, 277, 281, 282, 283, 284, 285, 286, 287, 288, 290, 294, 295, 296, 297], "excluded_lines": [], "start_line": 22}, "": {"executed_lines": [14, 16, 17, 18, 19, 22, 29, 37, 44, 63, 73, 136, 162, 218, 226, 262, 279, 292, 299, 314, 319, 332, 333, 334, 337], "summary": {"covered_lines": 25, "num_statements": 40, "percent_covered": 62.5, "percent_covered_display": "62", "missing_lines": 15, "excluded_lines": 0, "percent_statements_covered": 62.5, "percent_statements_covered_display": "62"}, "missing_lines": [338, 340, 341, 343, 345, 346, 347, 349, 350, 351, 352, 355, 356, 357, 360], "excluded_lines": [], "start_line": 1}}}, "/Users/mac/Desktop/moat/moat/baseline.py": {"executed_lines": [], "summary": {"covered_lines": 0, "num_statements": 38, "percent_covered": 0.0, "percent_covered_display": "0", "missing_lines": 38, "excluded_lines": 0, "percent_statements_covered": 0.0, "percent_statements_covered_display": "0"}, "missing_lines": [2, 3, 6, 9, 10, 11, 13, 15, 16, 17, 18, 19, 21, 23, 24, 25, 26, 27, 28, 30, 32, 33, 34, 35, 36, 37, 38, 40, 42, 43, 44, 45, 46, 48, 49, 50, 51, 53], "excluded_lines": [], "functions": {"BaselineManager.__init__": {"executed_lines": [], "summary": {"covered_lines": 0, "num_statements": 2, "percent_covered": 0.0, "percent_covered_display": "0", "missing_lines": 2, "excluded_lines": 0, "percent_statements_covered": 0.0, "percent_statements_covered_display": "0"}, "missing_lines": [10, 11], "excluded_lines": [], "start_line": 9}, "BaselineManager.save": {"executed_lines": [], "summary": {"covered_lines": 0, "num_statements": 5, "percent_covered": 0.0, "percent_covered_display": "0", "missing_lines": 5, "excluded_lines": 0, "percent_statements_covered": 0.0, "percent_statements_covered_display": "0"}, "missing_lines": [15, 16, 17, 18, 19], "excluded_lines": [], "start_line": 13}, "BaselineManager.load": {"executed_lines": [], "summary": {"covered_lines": 0, "num_statements": 6, "percent_covered": 0.0, "percent_covered_display": "0", "missing_lines": 6, "excluded_lines": 0, "percent_statements_covered": 0.0, "percent_statements_covered_display": "0"}, "missing_lines": [23, 24, 25, 26, 27, 28], "excluded_lines": [], "start_line": 21}, "BaselineManager.show": {"executed_lines": [], "summary": {"covered_lines": 0, "num_statements": 7, "percent_covered": 0.0, "percent_covered_display": "0", "missing_lines": 7, "excluded_lines": 0, "percent_statements_covered": 0.0, "percent_statements_covered_display": "0"}, "missing_lines": [32, 33, 34, 35, 36, 37, 38], "excluded_lines": [], "start_line": 30}, "BaselineManager.diff": {"executed_lines": [], "summary": {"covered_lines": 0, "num_statements": 10, "percent_covered": 0.0, "percent_covered_display": "0", "missing_lines": 10, "excluded_lines": 0, "percent_statements_covered": 0.0, "percent_statements_covered_display": "0"}, "missing_lines": [42, 43, 44, 45, 46, 48, 49, 50, 51, 53], "excluded_lines": [], "start_line": 40}, "": {"executed_lines": [], "summary": {"covered_lines": 0, "num_statements": 8, "percent_covered": 0.0, "percent_covered_display": "0", "missing_lines": 8, "excluded_lines": 0, "percent_statements_covered": 0.0, "percent_statements_covered_display": "0"}, "missing_lines": [2, 3, 6, 9, 13, 21, 30, 40], "excluded_lines": [], "start_line": 1}}, "classes": {"BaselineManager": {"executed_lines": [], "summary": {"covered_lines": 0, "num_statements": 30, "percent_covered": 0.0, "percent_covered_display": "0", "missing_lines": 30, "excluded_lines": 0, "percent_statements_covered": 0.0, "percent_statements_covered_display": "0"}, "missing_lines": [10, 11, 15, 16, 17, 18, 19, 23, 24, 25, 26, 27, 28, 32, 33, 34, 35, 36, 37, 38, 42, 43, 44, 45, 46, 48, 49, 50, 51, 53], "excluded_lines": [], "start_line": 6}, "": {"executed_lines": [], "summary": {"covered_lines": 0, "num_statements": 8, "percent_covered": 0.0, "percent_covered_display": "0", "missing_lines": 8, "excluded_lines": 0, "percent_statements_covered": 0.0, "percent_statements_covered_display": "0"}, "missing_lines": [2, 3, 6, 9, 13, 21, 30, 40], "excluded_lines": [], "start_line": 1}}}, "/Users/mac/Desktop/moat/moat/checks/__init__.py": {"executed_lines": [6, 7, 10, 22], "summary": {"covered_lines": 4, "num_statements": 18, "percent_covered": 22.22222222222222, "percent_covered_display": "22", "missing_lines": 14, "excluded_lines": 0, "percent_statements_covered": 22.22222222222222, "percent_statements_covered_display": "22"}, "missing_lines": [12, 14, 24, 27, 28, 30, 40, 41, 47, 50, 58, 59, 63, 68], "excluded_lines": [], "functions": {"detect_project_type": {"executed_lines": [], "summary": {"covered_lines": 0, "num_statements": 2, "percent_covered": 0.0, "percent_covered_display": "0", "missing_lines": 2, "excluded_lines": 0, "percent_statements_covered": 0.0, "percent_statements_covered_display": "0"}, "missing_lines": [12, 14], "excluded_lines": [], "start_line": 10}, "create_check_instances": {"executed_lines": [], "summary": {"covered_lines": 0, "num_statements": 12, "percent_covered": 0.0, "percent_covered_display": "0", "missing_lines": 12, "excluded_lines": 0, "percent_statements_covered": 0.0, "percent_statements_covered_display": "0"}, "missing_lines": [24, 27, 28, 30, 40, 41, 47, 50, 58, 59, 63, 68], "excluded_lines": [], "start_line": 22}, "": {"executed_lines": [6, 7, 10, 22], "summary": {"covered_lines": 4, "num_statements": 4, "percent_covered": 100.0, "percent_covered_display": "100", "missing_lines": 0, "excluded_lines": 0, "percent_statements_covered": 100.0, "percent_statements_covered_display": "100"}, "missing_lines": [], "excluded_lines": [], "start_line": 1}}, "classes": {"": {"executed_lines": [6, 7, 10, 22], "summary": {"covered_lines": 4, "num_statements": 18, "percent_covered": 22.22222222222222, "percent_covered_display": "22", "missing_lines": 14, "excluded_lines": 0, "percent_statements_covered": 22.22222222222222, "percent_statements_covered_display": "22"}, "missing_lines": [12, 14, 24, 27, 28, 30, 40, 41, 47, 50, 58, 59, 63, 68], "excluded_lines": [], "start_line": 1}}}, "/Users/mac/Desktop/moat/moat/checks/base.py": {"executed_lines": [7, 8, 9, 10, 13, 14, 16, 17, 18, 19, 20, 21, 23, 25, 35, 51, 52, 53, 55, 56, 62, 64, 66, 77, 81, 83, 87, 89, 91, 93, 97], "summary": {"covered_lines": 31, "num_statements": 33, "percent_covered": 93.93939393939394, "percent_covered_display": "94", "missing_lines": 2, "excluded_lines": 3, "percent_statements_covered": 93.93939393939394, "percent_statements_covered_display": "94"}, "missing_lines": [68, 79], "excluded_lines": [58, 59, 60], "functions": {"CheckResult.to_dict": {"executed_lines": [25], "summary": {"covered_lines": 1, "num_statements": 1, "percent_covered": 100.0, "percent_covered_display": "100", "missing_lines": 0, "excluded_lines": 0, "percent_statements_covered": 100.0, "percent_statements_covered_display": "100"}, "missing_lines": [], "excluded_lines": [], "start_line": 23}, "Check.__init__": {"executed_lines": [52, 53], "summary": {"covered_lines": 2, "num_statements": 2, "percent_covered": 100.0, "percent_covered_display": "100", "missing_lines": 0, "excluded_lines": 0, "percent_statements_covered": 100.0, "percent_statements_covered_display": "100"}, "missing_lines": [], "excluded_lines": [], "start_line": 51}, "Check.run": {"executed_lines": [], "summary": {"covered_lines": 0, "num_statements": 0, "percent_covered": 100.0, "percent_covered_display": "100", "missing_lines": 0, "excluded_lines": 1, "percent_statements_covered": 100.0, "percent_statements_covered_display": "100"}, "missing_lines": [], "excluded_lines": [58], "start_line": 56}, "Check.pass_check": {"executed_lines": [64], "summary": {"covered_lines": 1, "num_statements": 1, "percent_covered": 100.0, "percent_covered_display": "100", "missing_lines": 0, "excluded_lines": 0, "percent_statements_covered": 100.0, "percent_statements_covered_display": "100"}, "missing_lines": [], "excluded_lines": [], "start_line": 62}, "Check.fail": {"executed_lines": [], "summary": {"covered_lines": 0, "num_statements": 1, "percent_covered": 0.0, "percent_covered_display": "0", "missing_lines": 1, "excluded_lines": 0, "percent_statements_covered": 0.0, "percent_statements_covered_display": "0"}, "missing_lines": [68], "excluded_lines": [], "start_line": 66}, "Check.warn": {"executed_lines": [], "summary": {"covered_lines": 0, "num_statements": 1, "percent_covered": 0.0, "percent_covered_display": "0", "missing_lines": 1, "excluded_lines": 0, "percent_statements_covered": 0.0, "percent_statements_covered_display": "0"}, "missing_lines": [79], "excluded_lines": [], "start_line": 77}, "Check.skip": {"executed_lines": [83], "summary": {"covered_lines": 1, "num_statements": 1, "percent_covered": 100.0, "percent_covered_display": "100", "missing_lines": 0, "excluded_lines": 0, "percent_statements_covered": 100.0, "percent_statements_covered_display": "100"}, "missing_lines": [], "excluded_lines": [], "start_line": 81}, "Check._find_files": {"executed_lines": [89], "summary": {"covered_lines": 1, "num_statements": 1, "percent_covered": 100.0, "percent_covered_display": "100", "missing_lines": 0, "excluded_lines": 0, "percent_statements_covered": 100.0, "percent_statements_covered_display": "100"}, "missing_lines": [], "excluded_lines": [], "start_line": 87}, "Check._should_skip": {"executed_lines": [93, 97], "summary": {"covered_lines": 2, "num_statements": 2, "percent_covered": 100.0, "percent_covered_display": "100", "missing_lines": 0, "excluded_lines": 0, "percent_statements_covered": 100.0, "percent_statements_covered_display": "100"}, "missing_lines": [], "excluded_lines": [], "start_line": 91}, "": {"executed_lines": [7, 8, 9, 10, 13, 14, 16, 17, 18, 19, 20, 21, 23, 35, 51, 55, 56, 62, 66, 77, 81, 87, 91], "summary": {"covered_lines": 23, "num_statements": 23, "percent_covered": 100.0, "percent_covered_display": "100", "missing_lines": 0, "excluded_lines": 2, "percent_statements_covered": 100.0, "percent_statements_covered_display": "100"}, "missing_lines": [], "excluded_lines": [59, 60], "start_line": 1}}, "classes": {"CheckResult": {"executed_lines": [25], "summary": {"covered_lines": 1, "num_statements": 1, "percent_covered": 100.0, "percent_covered_display": "100", "missing_lines": 0, "excluded_lines": 0, "percent_statements_covered": 100.0, "percent_statements_covered_display": "100"}, "missing_lines": [], "excluded_lines": [], "start_line": 14}, "Check": {"executed_lines": [52, 53, 64, 83, 89, 93, 97], "summary": {"covered_lines": 7, "num_statements": 9, "percent_covered": 77.77777777777777, "percent_covered_display": "78", "missing_lines": 2, "excluded_lines": 1, "percent_statements_covered": 77.77777777777777, "percent_statements_covered_display": "78"}, "missing_lines": [68, 79], "excluded_lines": [58], "start_line": 35}, "": {"executed_lines": [7, 8, 9, 10, 13, 14, 16, 17, 18, 19, 20, 21, 23, 35, 51, 55, 56, 62, 66, 77, 81, 87, 91], "summary": {"covered_lines": 23, "num_statements": 23, "percent_covered": 100.0, "percent_covered_display": "100", "missing_lines": 0, "excluded_lines": 2, "percent_statements_covered": 100.0, "percent_statements_covered_display": "100"}, "missing_lines": [], "excluded_lines": [59, 60], "start_line": 1}}}, "/Users/mac/Desktop/moat/moat/checks/go/__init__.py": {"executed_lines": [], "summary": {"covered_lines": 0, "num_statements": 4, "percent_covered": 0.0, "percent_covered_display": "0", "missing_lines": 4, "excluded_lines": 0, "percent_statements_covered": 0.0, "percent_statements_covered_display": "0"}, "missing_lines": [8, 9, 10, 12], "excluded_lines": [], "functions": {"": {"executed_lines": [], "summary": {"covered_lines": 0, "num_statements": 4, "percent_covered": 0.0, "percent_covered_display": "0", "missing_lines": 4, "excluded_lines": 0, "percent_statements_covered": 0.0, "percent_statements_covered_display": "0"}, "missing_lines": [8, 9, 10, 12], "excluded_lines": [], "start_line": 1}}, "classes": {"": {"executed_lines": [], "summary": {"covered_lines": 0, "num_statements": 4, "percent_covered": 0.0, "percent_covered_display": "0", "missing_lines": 4, "excluded_lines": 0, "percent_statements_covered": 0.0, "percent_statements_covered_display": "0"}, "missing_lines": [8, 9, 10, 12], "excluded_lines": [], "start_line": 1}}}, "/Users/mac/Desktop/moat/moat/checks/go/concurrency_safety.py": {"executed_lines": [], "summary": {"covered_lines": 0, "num_statements": 63, "percent_covered": 0.0, "percent_covered_display": "0", "missing_lines": 63, "excluded_lines": 0, "percent_statements_covered": 0.0, "percent_statements_covered_display": "0"}, "missing_lines": [2, 4, 5, 7, 10, 20, 21, 23, 24, 26, 27, 30, 31, 32, 35, 36, 37, 38, 40, 41, 42, 43, 44, 45, 48, 49, 51, 52, 56, 57, 63, 65, 75, 77, 78, 81, 82, 83, 84, 85, 87, 88, 89, 90, 93, 94, 95, 96, 99, 101, 103, 104, 105, 107, 108, 110, 111, 119, 121, 123, 124, 125, 126], "excluded_lines": [], "functions": {"GoConcurrencySafetyCheck.__init__": {"executed_lines": [], "summary": {"covered_lines": 0, "num_statements": 1, "percent_covered": 0.0, "percent_covered_display": "0", "missing_lines": 1, "excluded_lines": 0, "percent_statements_covered": 0.0, "percent_statements_covered_display": "0"}, "missing_lines": [24], "excluded_lines": [], "start_line": 23}, "GoConcurrencySafetyCheck.run": {"executed_lines": [], "summary": {"covered_lines": 0, "num_statements": 21, "percent_covered": 0.0, "percent_covered_display": "0", "missing_lines": 21, "excluded_lines": 0, "percent_statements_covered": 0.0, "percent_statements_covered_display": "0"}, "missing_lines": [27, 30, 31, 32, 35, 36, 37, 38, 40, 41, 42, 43, 44, 45, 48, 49, 51, 52, 56, 57, 63], "excluded_lines": [], "start_line": 26}, "GoConcurrencySafetyCheck._find_concurrency_issues": {"executed_lines": [], "summary": {"covered_lines": 0, "num_statements": 26, "percent_covered": 0.0, "percent_covered_display": "0", "missing_lines": 26, "excluded_lines": 0, "percent_statements_covered": 0.0, "percent_statements_covered_display": "0"}, "missing_lines": [75, 77, 78, 81, 82, 83, 84, 85, 87, 88, 89, 90, 93, 94, 95, 96, 99, 101, 103, 104, 105, 107, 108, 110, 111, 119], "excluded_lines": [], "start_line": 65}, "GoConcurrencySafetyCheck._find_go_files": {"executed_lines": [], "summary": {"covered_lines": 0, "num_statements": 4, "percent_covered": 0.0, "percent_covered_display": "0", "missing_lines": 4, "excluded_lines": 0, "percent_statements_covered": 0.0, "percent_statements_covered_display": "0"}, "missing_lines": [123, 124, 125, 126], "excluded_lines": [], "start_line": 121}, "": {"executed_lines": [], "summary": {"covered_lines": 0, "num_statements": 11, "percent_covered": 0.0, "percent_covered_display": "0", "missing_lines": 11, "excluded_lines": 0, "percent_statements_covered": 0.0, "percent_statements_covered_display": "0"}, "missing_lines": [2, 4, 5, 7, 10, 20, 21, 23, 26, 65, 121], "excluded_lines": [], "start_line": 1}}, "classes": {"GoConcurrencySafetyCheck": {"executed_lines": [], "summary": {"covered_lines": 0, "num_statements": 52, "percent_covered": 0.0, "percent_covered_display": "0", "missing_lines": 52, "excluded_lines": 0, "percent_statements_covered": 0.0, "percent_statements_covered_display": "0"}, "missing_lines": [24, 27, 30, 31, 32, 35, 36, 37, 38, 40, 41, 42, 43, 44, 45, 48, 49, 51, 52, 56, 57, 63, 75, 77, 78, 81, 82, 83, 84, 85, 87, 88, 89, 90, 93, 94, 95, 96, 99, 101, 103, 104, 105, 107, 108, 110, 111, 119, 123, 124, 125, 126], "excluded_lines": [], "start_line": 10}, "": {"executed_lines": [], "summary": {"covered_lines": 0, "num_statements": 11, "percent_covered": 0.0, "percent_covered_display": "0", "missing_lines": 11, "excluded_lines": 0, "percent_statements_covered": 0.0, "percent_statements_covered_display": "0"}, "missing_lines": [2, 4, 5, 7, 10, 20, 21, 23, 26, 65, 121], "excluded_lines": [], "start_line": 1}}}, "/Users/mac/Desktop/moat/moat/checks/go/error_handling.py": {"executed_lines": [], "summary": {"covered_lines": 0, "num_statements": 57, "percent_covered": 0.0, "percent_covered_display": "0", "missing_lines": 57, "excluded_lines": 0, "percent_statements_covered": 0.0, "percent_statements_covered_display": "0"}, "missing_lines": [2, 4, 5, 7, 10, 19, 20, 22, 23, 25, 26, 29, 30, 31, 34, 35, 36, 37, 39, 40, 41, 42, 43, 44, 47, 48, 50, 51, 55, 56, 62, 64, 74, 76, 77, 79, 80, 83, 84, 88, 90, 91, 92, 93, 94, 96, 97, 99, 100, 109, 110, 118, 120, 122, 123, 124, 125], "excluded_lines": [], "functions": {"GoErrorHandlingCheck.__init__": {"executed_lines": [], "summary": {"covered_lines": 0, "num_statements": 1, "percent_covered": 0.0, "percent_covered_display": "0", "missing_lines": 1, "excluded_lines": 0, "percent_statements_covered": 0.0, "percent_statements_covered_display": "0"}, "missing_lines": [23], "excluded_lines": [], "start_line": 22}, "GoErrorHandlingCheck.run": {"executed_lines": [], "summary": {"covered_lines": 0, "num_statements": 21, "percent_covered": 0.0, "percent_covered_display": "0", "missing_lines": 21, "excluded_lines": 0, "percent_statements_covered": 0.0, "percent_statements_covered_display": "0"}, "missing_lines": [26, 29, 30, 31, 34, 35, 36, 37, 39, 40, 41, 42, 43, 44, 47, 48, 50, 51, 55, 56, 62], "excluded_lines": [], "start_line": 25}, "GoErrorHandlingCheck._find_error_issues": {"executed_lines": [], "summary": {"covered_lines": 0, "num_statements": 20, "percent_covered": 0.0, "percent_covered_display": "0", "missing_lines": 20, "excluded_lines": 0, "percent_statements_covered": 0.0, "percent_statements_covered_display": "0"}, "missing_lines": [74, 76, 77, 79, 80, 83, 84, 88, 90, 91, 92, 93, 94, 96, 97, 99, 100, 109, 110, 118], "excluded_lines": [], "start_line": 64}, "GoErrorHandlingCheck._find_go_files": {"executed_lines": [], "summary": {"covered_lines": 0, "num_statements": 4, "percent_covered": 0.0, "percent_covered_display": "0", "missing_lines": 4, "excluded_lines": 0, "percent_statements_covered": 0.0, "percent_statements_covered_display": "0"}, "missing_lines": [122, 123, 124, 125], "excluded_lines": [], "start_line": 120}, "": {"executed_lines": [], "summary": {"covered_lines": 0, "num_statements": 11, "percent_covered": 0.0, "percent_covered_display": "0", "missing_lines": 11, "excluded_lines": 0, "percent_statements_covered": 0.0, "percent_statements_covered_display": "0"}, "missing_lines": [2, 4, 5, 7, 10, 19, 20, 22, 25, 64, 120], "excluded_lines": [], "start_line": 1}}, "classes": {"GoErrorHandlingCheck": {"executed_lines": [], "summary": {"covered_lines": 0, "num_statements": 46, "percent_covered": 0.0, "percent_covered_display": "0", "missing_lines": 46, "excluded_lines": 0, "percent_statements_covered": 0.0, "percent_statements_covered_display": "0"}, "missing_lines": [23, 26, 29, 30, 31, 34, 35, 36, 37, 39, 40, 41, 42, 43, 44, 47, 48, 50, 51, 55, 56, 62, 74, 76, 77, 79, 80, 83, 84, 88, 90, 91, 92, 93, 94, 96, 97, 99, 100, 109, 110, 118, 122, 123, 124, 125], "excluded_lines": [], "start_line": 10}, "": {"executed_lines": [], "summary": {"covered_lines": 0, "num_statements": 11, "percent_covered": 0.0, "percent_covered_display": "0", "missing_lines": 11, "excluded_lines": 0, "percent_statements_covered": 0.0, "percent_statements_covered_display": "0"}, "missing_lines": [2, 4, 5, 7, 10, 19, 20, 22, 25, 64, 120], "excluded_lines": [], "start_line": 1}}}, "/Users/mac/Desktop/moat/moat/checks/go/goroutine_leak.py": {"executed_lines": [], "summary": {"covered_lines": 0, "num_statements": 61, "percent_covered": 0.0, "percent_covered_display": "0", "missing_lines": 61, "excluded_lines": 0, "percent_statements_covered": 0.0, "percent_statements_covered_display": "0"}, "missing_lines": [2, 4, 5, 7, 10, 19, 20, 22, 23, 25, 26, 29, 30, 31, 34, 35, 36, 37, 39, 40, 41, 42, 43, 44, 47, 48, 50, 51, 55, 56, 62, 64, 74, 76, 77, 79, 80, 83, 84, 87, 89, 90, 91, 92, 93, 95, 96, 105, 107, 108, 109, 110, 111, 113, 114, 122, 124, 126, 127, 128, 129], "excluded_lines": [], "functions": {"GoGoroutineLeakCheck.__init__": {"executed_lines": [], "summary": {"covered_lines": 0, "num_statements": 1, "percent_covered": 0.0, "percent_covered_display": "0", "missing_lines": 1, "excluded_lines": 0, "percent_statements_covered": 0.0, "percent_statements_covered_display": "0"}, "missing_lines": [23], "excluded_lines": [], "start_line": 22}, "GoGoroutineLeakCheck.run": {"executed_lines": [], "summary": {"covered_lines": 0, "num_statements": 21, "percent_covered": 0.0, "percent_covered_display": "0", "missing_lines": 21, "excluded_lines": 0, "percent_statements_covered": 0.0, "percent_statements_covered_display": "0"}, "missing_lines": [26, 29, 30, 31, 34, 35, 36, 37, 39, 40, 41, 42, 43, 44, 47, 48, 50, 51, 55, 56, 62], "excluded_lines": [], "start_line": 25}, "GoGoroutineLeakCheck._find_goroutine_issues": {"executed_lines": [], "summary": {"covered_lines": 0, "num_statements": 24, "percent_covered": 0.0, "percent_covered_display": "0", "missing_lines": 24, "excluded_lines": 0, "percent_statements_covered": 0.0, "percent_statements_covered_display": "0"}, "missing_lines": [74, 76, 77, 79, 80, 83, 84, 87, 89, 90, 91, 92, 93, 95, 96, 105, 107, 108, 109, 110, 111, 113, 114, 122], "excluded_lines": [], "start_line": 64}, "GoGoroutineLeakCheck._find_go_files": {"executed_lines": [], "summary": {"covered_lines": 0, "num_statements": 4, "percent_covered": 0.0, "percent_covered_display": "0", "missing_lines": 4, "excluded_lines": 0, "percent_statements_covered": 0.0, "percent_statements_covered_display": "0"}, "missing_lines": [126, 127, 128, 129], "excluded_lines": [], "start_line": 124}, "": {"executed_lines": [], "summary": {"covered_lines": 0, "num_statements": 11, "percent_covered": 0.0, "percent_covered_display": "0", "missing_lines": 11, "excluded_lines": 0, "percent_statements_covered": 0.0, "percent_statements_covered_display": "0"}, "missing_lines": [2, 4, 5, 7, 10, 19, 20, 22, 25, 64, 124], "excluded_lines": [], "start_line": 1}}, "classes": {"GoGoroutineLeakCheck": {"executed_lines": [], "summary": {"covered_lines": 0, "num_statements": 50, "percent_covered": 0.0, "percent_covered_display": "0", "missing_lines": 50, "excluded_lines": 0, "percent_statements_covered": 0.0, "percent_statements_covered_display": "0"}, "missing_lines": [23, 26, 29, 30, 31, 34, 35, 36, 37, 39, 40, 41, 42, 43, 44, 47, 48, 50, 51, 55, 56, 62, 74, 76, 77, 79, 80, 83, 84, 87, 89, 90, 91, 92, 93, 95, 96, 105, 107, 108, 109, 110, 111, 113, 114, 122, 126, 127, 128, 129], "excluded_lines": [], "start_line": 10}, "": {"executed_lines": [], "summary": {"covered_lines": 0, "num_statements": 11, "percent_covered": 0.0, "percent_covered_display": "0", "missing_lines": 11, "excluded_lines": 0, "percent_statements_covered": 0.0, "percent_statements_covered_display": "0"}, "missing_lines": [2, 4, 5, 7, 10, 19, 20, 22, 25, 64, 124], "excluded_lines": [], "start_line": 1}}}, "/Users/mac/Desktop/moat/moat/checks/l1_api.py": {"executed_lines": [], "summary": {"covered_lines": 0, "num_statements": 64, "percent_covered": 0.0, "percent_covered_display": "0", "missing_lines": 64, "excluded_lines": 0, "percent_statements_covered": 0.0, "percent_statements_covered_display": "0"}, "missing_lines": [2, 3, 4, 5, 8, 10, 13, 14, 15, 17, 18, 19, 22, 25, 29, 31, 36, 37, 38, 41, 43, 45, 47, 49, 50, 51, 52, 53, 54, 55, 60, 61, 63, 64, 66, 67, 68, 69, 70, 71, 72, 78, 79, 85, 86, 93, 96, 98, 99, 100, 101, 102, 104, 105, 107, 111, 112, 113, 114, 115, 116, 117, 122, 123], "excluded_lines": [], "functions": {"detect_api_type": {"executed_lines": [], "summary": {"covered_lines": 0, "num_statements": 7, "percent_covered": 0.0, "percent_covered_display": "0", "missing_lines": 7, "excluded_lines": 0, "percent_statements_covered": 0.0, "percent_statements_covered_display": "0"}, "missing_lines": [10, 13, 14, 15, 17, 18, 19], "excluded_lines": [], "start_line": 8}, "find_server_module": {"executed_lines": [], "summary": {"covered_lines": 0, "num_statements": 6, "percent_covered": 0.0, "percent_covered_display": "0", "missing_lines": 6, "excluded_lines": 0, "percent_statements_covered": 0.0, "percent_statements_covered_display": "0"}, "missing_lines": [25, 29, 31, 36, 37, 38], "excluded_lines": [], "start_line": 22}, "run_api_check": {"executed_lines": [], "summary": {"covered_lines": 0, "num_statements": 26, "percent_covered": 0.0, "percent_covered_display": "0", "missing_lines": 26, "excluded_lines": 0, "percent_statements_covered": 0.0, "percent_statements_covered_display": "0"}, "missing_lines": [43, 45, 47, 49, 50, 51, 52, 53, 54, 55, 60, 61, 63, 64, 66, 67, 68, 69, 70, 71, 72, 78, 79, 85, 86, 93], "excluded_lines": [], "start_line": 41}, "_discover_endpoints": {"executed_lines": [], "summary": {"covered_lines": 0, "num_statements": 17, "percent_covered": 0.0, "percent_covered_display": "0", "missing_lines": 17, "excluded_lines": 0, "percent_statements_covered": 0.0, "percent_statements_covered_display": "0"}, "missing_lines": [98, 99, 100, 101, 102, 104, 105, 107, 111, 112, 113, 114, 115, 116, 117, 122, 123], "excluded_lines": [], "start_line": 96}, "": {"executed_lines": [], "summary": {"covered_lines": 0, "num_statements": 8, "percent_covered": 0.0, "percent_covered_display": "0", "missing_lines": 8, "excluded_lines": 0, "percent_statements_covered": 0.0, "percent_statements_covered_display": "0"}, "missing_lines": [2, 3, 4, 5, 8, 22, 41, 96], "excluded_lines": [], "start_line": 1}}, "classes": {"": {"executed_lines": [], "summary": {"covered_lines": 0, "num_statements": 64, "percent_covered": 0.0, "percent_covered_display": "0", "missing_lines": 64, "excluded_lines": 0, "percent_statements_covered": 0.0, "percent_statements_covered_display": "0"}, "missing_lines": [2, 3, 4, 5, 8, 10, 13, 14, 15, 17, 18, 19, 22, 25, 29, 31, 36, 37, 38, 41, 43, 45, 47, 49, 50, 51, 52, 53, 54, 55, 60, 61, 63, 64, 66, 67, 68, 69, 70, 71, 72, 78, 79, 85, 86, 93, 96, 98, 99, 100, 101, 102, 104, 105, 107, 111, 112, 113, 114, 115, 116, 117, 122, 123], "excluded_lines": [], "start_line": 1}}}, "/Users/mac/Desktop/moat/moat/checks/l1_behavior.py": {"executed_lines": [], "summary": {"covered_lines": 0, "num_statements": 12, "percent_covered": 0.0, "percent_covered_display": "0", "missing_lines": 12, "excluded_lines": 0, "percent_statements_covered": 0.0, "percent_statements_covered_display": "0"}, "missing_lines": [2, 5, 7, 10, 11, 12, 13, 21, 27, 28, 29, 36], "excluded_lines": [], "functions": {"run_behavior_check": {"executed_lines": [], "summary": {"covered_lines": 0, "num_statements": 10, "percent_covered": 0.0, "percent_covered_display": "0", "missing_lines": 10, "excluded_lines": 0, "percent_statements_covered": 0.0, "percent_statements_covered_display": "0"}, "missing_lines": [7, 10, 11, 12, 13, 21, 27, 28, 29, 36], "excluded_lines": [], "start_line": 5}, "": {"executed_lines": [], "summary": {"covered_lines": 0, "num_statements": 2, "percent_covered": 0.0, "percent_covered_display": "0", "missing_lines": 2, "excluded_lines": 0, "percent_statements_covered": 0.0, "percent_statements_covered_display": "0"}, "missing_lines": [2, 5], "excluded_lines": [], "start_line": 1}}, "classes": {"": {"executed_lines": [], "summary": {"covered_lines": 0, "num_statements": 12, "percent_covered": 0.0, "percent_covered_display": "0", "missing_lines": 12, "excluded_lines": 0, "percent_statements_covered": 0.0, "percent_statements_covered_display": "0"}, "missing_lines": [2, 5, 7, 10, 11, 12, 13, 21, 27, 28, 29, 36], "excluded_lines": [], "start_line": 1}}}, "/Users/mac/Desktop/moat/moat/checks/l1_files.py": {"executed_lines": [2, 5, 13, 15, 18, 19, 20, 21, 29, 30, 31, 34, 35, 42], "summary": {"covered_lines": 14, "num_statements": 14, "percent_covered": 100.0, "percent_covered_display": "100", "missing_lines": 0, "excluded_lines": 0, "percent_statements_covered": 100.0, "percent_statements_covered_display": "100"}, "missing_lines": [], "excluded_lines": [], "functions": {"run_file_check": {"executed_lines": [15, 18, 19, 20, 21, 29, 30, 31, 34, 35, 42], "summary": {"covered_lines": 11, "num_statements": 11, "percent_covered": 100.0, "percent_covered_display": "100", "missing_lines": 0, "excluded_lines": 0, "percent_statements_covered": 100.0, "percent_statements_covered_display": "100"}, "missing_lines": [], "excluded_lines": [], "start_line": 13}, "": {"executed_lines": [2, 5, 13], "summary": {"covered_lines": 3, "num_statements": 3, "percent_covered": 100.0, "percent_covered_display": "100", "missing_lines": 0, "excluded_lines": 0, "percent_statements_covered": 100.0, "percent_statements_covered_display": "100"}, "missing_lines": [], "excluded_lines": [], "start_line": 1}}, "classes": {"": {"executed_lines": [2, 5, 13, 15, 18, 19, 20, 21, 29, 30, 31, 34, 35, 42], "summary": {"covered_lines": 14, "num_statements": 14, "percent_covered": 100.0, "percent_covered_display": "100", "missing_lines": 0, "excluded_lines": 0, "percent_statements_covered": 100.0, "percent_statements_covered_display": "100"}, "missing_lines": [], "excluded_lines": [], "start_line": 1}}}, "/Users/mac/Desktop/moat/moat/checks/l1_import.py": {"executed_lines": [2, 3, 4, 5, 6, 9, 11, 12, 14, 16, 17, 18, 21, 24, 28, 29, 35, 38, 40, 41, 43, 44, 53, 56, 58, 59, 61, 62, 63, 64, 66, 68, 72, 73, 80], "summary": {"covered_lines": 35, "num_statements": 38, "percent_covered": 92.10526315789474, "percent_covered_display": "92", "missing_lines": 3, "excluded_lines": 0, "percent_statements_covered": 92.10526315789474, "percent_statements_covered_display": "92"}, "missing_lines": [42, 45, 46], "excluded_lines": [], "functions": {"run_import_check": {"executed_lines": [11, 12, 14, 16, 17, 18, 21, 24, 28, 29, 35, 38, 40, 41, 43, 44, 53], "summary": {"covered_lines": 17, "num_statements": 20, "percent_covered": 85.0, "percent_covered_display": "85", "missing_lines": 3, "excluded_lines": 0, "percent_statements_covered": 85.0, "percent_statements_covered_display": "85"}, "missing_lines": [42, 45, 46], "excluded_lines": [], "start_line": 9}, "run_syntax_check": {"executed_lines": [58, 59, 61, 62, 63, 64, 66, 68, 72, 73, 80], "summary": {"covered_lines": 11, "num_statements": 11, "percent_covered": 100.0, "percent_covered_display": "100", "missing_lines": 0, "excluded_lines": 0, "percent_statements_covered": 100.0, "percent_statements_covered_display": "100"}, "missing_lines": [], "excluded_lines": [], "start_line": 56}, "": {"executed_lines": [2, 3, 4, 5, 6, 9, 56], "summary": {"covered_lines": 7, "num_statements": 7, "percent_covered": 100.0, "percent_covered_display": "100", "missing_lines": 0, "excluded_lines": 0, "percent_statements_covered": 100.0, "percent_statements_covered_display": "100"}, "missing_lines": [], "excluded_lines": [], "start_line": 1}}, "classes": {"": {"executed_lines": [2, 3, 4, 5, 6, 9, 11, 12, 14, 16, 17, 18, 21, 24, 28, 29, 35, 38, 40, 41, 43, 44, 53, 56, 58, 59, 61, 62, 63, 64, 66, 68, 72, 73, 80], "summary": {"covered_lines": 35, "num_statements": 38, "percent_covered": 92.10526315789474, "percent_covered_display": "92", "missing_lines": 3, "excluded_lines": 0, "percent_statements_covered": 92.10526315789474, "percent_statements_covered_display": "92"}, "missing_lines": [42, 45, 46], "excluded_lines": [], "start_line": 1}}}, "/Users/mac/Desktop/moat/moat/checks/l1_modules.py": {"executed_lines": [2, 3, 4, 7, 9, 10, 12, 13, 14, 15, 16, 17, 23, 33, 34, 40, 43, 49, 52, 53, 54, 55, 61, 66, 67, 68, 69, 75, 76, 90, 93, 95, 96, 98, 99, 100, 101, 103, 104, 105, 107, 109, 110, 111, 112, 113, 114, 115, 117, 118, 119, 121], "summary": {"covered_lines": 52, "num_statements": 62, "percent_covered": 83.87096774193549, "percent_covered_display": "84", "missing_lines": 10, "excluded_lines": 0, "percent_statements_covered": 83.87096774193549, "percent_statements_covered_display": "84"}, "missing_lines": [19, 20, 21, 22, 24, 30, 62, 63, 82, 83], "excluded_lines": [], "functions": {"run_modules_check": {"executed_lines": [9, 10, 12, 13, 14, 15, 16, 17, 23, 33, 34, 40, 43, 49, 52, 53, 54, 55, 61, 66, 67, 68, 69, 75, 76, 90], "summary": {"covered_lines": 26, "num_statements": 36, "percent_covered": 72.22222222222223, "percent_covered_display": "72", "missing_lines": 10, "excluded_lines": 0, "percent_statements_covered": 72.22222222222223, "percent_statements_covered_display": "72"}, "missing_lines": [19, 20, 21, 22, 24, 30, 62, 63, 82, 83], "excluded_lines": [], "start_line": 7}, "_discover_core_modules": {"executed_lines": [95, 96, 98, 99, 100, 101, 103, 104, 105, 107, 109, 110, 111, 112, 113, 114, 115, 117, 118, 119, 121], "summary": {"covered_lines": 21, "num_statements": 21, "percent_covered": 100.0, "percent_covered_display": "100", "missing_lines": 0, "excluded_lines": 0, "percent_statements_covered": 100.0, "percent_statements_covered_display": "100"}, "missing_lines": [], "excluded_lines": [], "start_line": 93}, "": {"executed_lines": [2, 3, 4, 7, 93], "summary": {"covered_lines": 5, "num_statements": 5, "percent_covered": 100.0, "percent_covered_display": "100", "missing_lines": 0, "excluded_lines": 0, "percent_statements_covered": 100.0, "percent_statements_covered_display": "100"}, "missing_lines": [], "excluded_lines": [], "start_line": 1}}, "classes": {"": {"executed_lines": [2, 3, 4, 7, 9, 10, 12, 13, 14, 15, 16, 17, 23, 33, 34, 40, 43, 49, 52, 53, 54, 55, 61, 66, 67, 68, 69, 75, 76, 90, 93, 95, 96, 98, 99, 100, 101, 103, 104, 105, 107, 109, 110, 111, 112, 113, 114, 115, 117, 118, 119, 121], "summary": {"covered_lines": 52, "num_statements": 62, "percent_covered": 83.87096774193549, "percent_covered_display": "84", "missing_lines": 10, "excluded_lines": 0, "percent_statements_covered": 83.87096774193549, "percent_statements_covered_display": "84"}, "missing_lines": [19, 20, 21, 22, 24, 30, 62, 63, 82, 83], "excluded_lines": [], "start_line": 1}}}, "/Users/mac/Desktop/moat/moat/checks/l1_subsystems.py": {"executed_lines": [2, 3, 4, 7, 9, 10, 12, 13, 14, 31, 32, 39, 42, 44, 46, 48, 49, 50, 51, 53, 54, 55, 58, 59, 61, 62, 63, 64, 65, 66, 67, 68, 70, 71, 72, 74], "summary": {"covered_lines": 36, "num_statements": 42, "percent_covered": 85.71428571428571, "percent_covered_display": "86", "missing_lines": 6, "excluded_lines": 0, "percent_statements_covered": 85.71428571428571, "percent_statements_covered_display": "86"}, "missing_lines": [15, 16, 17, 18, 24, 25], "excluded_lines": [], "functions": {"run_subsystems_check": {"executed_lines": [9, 10, 12, 13, 14, 31, 32, 39], "summary": {"covered_lines": 8, "num_statements": 14, "percent_covered": 57.142857142857146, "percent_covered_display": "57", "missing_lines": 6, "excluded_lines": 0, "percent_statements_covered": 57.142857142857146, "percent_statements_covered_display": "57"}, "missing_lines": [15, 16, 17, 18, 24, 25], "excluded_lines": [], "start_line": 7}, "_discover_subsystems": {"executed_lines": [44, 46, 48, 49, 50, 51, 53, 54, 55, 58, 59, 61, 62, 63, 64, 65, 66, 67, 68, 70, 71, 72, 74], "summary": {"covered_lines": 23, "num_statements": 23, "percent_covered": 100.0, "percent_covered_display": "100", "missing_lines": 0, "excluded_lines": 0, "percent_statements_covered": 100.0, "percent_statements_covered_display": "100"}, "missing_lines": [], "excluded_lines": [], "start_line": 42}, "": {"executed_lines": [2, 3, 4, 7, 42], "summary": {"covered_lines": 5, "num_statements": 5, "percent_covered": 100.0, "percent_covered_display": "100", "missing_lines": 0, "excluded_lines": 0, "percent_statements_covered": 100.0, "percent_statements_covered_display": "100"}, "missing_lines": [], "excluded_lines": [], "start_line": 1}}, "classes": {"": {"executed_lines": [2, 3, 4, 7, 9, 10, 12, 13, 14, 31, 32, 39, 42, 44, 46, 48, 49, 50, 51, 53, 54, 55, 58, 59, 61, 62, 63, 64, 65, 66, 67, 68, 70, 71, 72, 74], "summary": {"covered_lines": 36, "num_statements": 42, "percent_covered": 85.71428571428571, "percent_covered_display": "86", "missing_lines": 6, "excluded_lines": 0, "percent_statements_covered": 85.71428571428571, "percent_statements_covered_display": "86"}, "missing_lines": [15, 16, 17, 18, 24, 25], "excluded_lines": [], "start_line": 1}}}, "/Users/mac/Desktop/moat/moat/checks/l2_schema.py": {"executed_lines": [], "summary": {"covered_lines": 0, "num_statements": 34, "percent_covered": 0.0, "percent_covered_display": "0", "missing_lines": 34, "excluded_lines": 0, "percent_statements_covered": 0.0, "percent_statements_covered_display": "0"}, "missing_lines": [2, 3, 6, 8, 9, 11, 12, 14, 15, 16, 17, 18, 19, 20, 21, 23, 24, 31, 37, 38, 44, 45, 51, 52, 54, 57, 60, 61, 62, 63, 64, 66, 67, 69], "excluded_lines": [], "functions": {"run_schema_check": {"executed_lines": [], "summary": {"covered_lines": 0, "num_statements": 22, "percent_covered": 0.0, "percent_covered_display": "0", "missing_lines": 22, "excluded_lines": 0, "percent_statements_covered": 0.0, "percent_statements_covered_display": "0"}, "missing_lines": [8, 9, 11, 12, 14, 15, 16, 17, 18, 19, 20, 21, 23, 24, 31, 37, 38, 44, 45, 51, 52, 54], "excluded_lines": [], "start_line": 6}, "_get_schema_endpoints": {"executed_lines": [], "summary": {"covered_lines": 0, "num_statements": 8, "percent_covered": 0.0, "percent_covered_display": "0", "missing_lines": 8, "excluded_lines": 0, "percent_statements_covered": 0.0, "percent_statements_covered_display": "0"}, "missing_lines": [60, 61, 62, 63, 64, 66, 67, 69], "excluded_lines": [], "start_line": 57}, "": {"executed_lines": [], "summary": {"covered_lines": 0, "num_statements": 4, "percent_covered": 0.0, "percent_covered_display": "0", "missing_lines": 4, "excluded_lines": 0, "percent_statements_covered": 0.0, "percent_statements_covered_display": "0"}, "missing_lines": [2, 3, 6, 57], "excluded_lines": [], "start_line": 1}}, "classes": {"": {"executed_lines": [], "summary": {"covered_lines": 0, "num_statements": 34, "percent_covered": 0.0, "percent_covered_display": "0", "missing_lines": 34, "excluded_lines": 0, "percent_statements_covered": 0.0, "percent_statements_covered_display": "0"}, "missing_lines": [2, 3, 6, 8, 9, 11, 12, 14, 15, 16, 17, 18, 19, 20, 21, 23, 24, 31, 37, 38, 44, 45, 51, 52, 54, 57, 60, 61, 62, 63, 64, 66, 67, 69], "excluded_lines": [], "start_line": 1}}}, "/Users/mac/Desktop/moat/moat/checks/l3_correlation.py": {"executed_lines": [2, 5, 7, 8, 10, 11, 14, 15, 16, 24, 25, 27, 28, 29, 30, 31, 33, 35, 36, 37, 38, 45, 48, 50, 51, 53, 54, 55, 56, 58, 60, 61, 64, 65, 66, 67, 69, 70, 71, 72, 73, 74, 75, 76, 78, 80, 83, 86, 87, 88, 89, 92, 93, 95, 96, 97, 100, 102, 103, 104, 105, 107, 108, 109, 110, 111, 112, 114, 115, 116, 117, 118, 119, 120, 121, 123, 124, 125, 127], "summary": {"covered_lines": 79, "num_statements": 81, "percent_covered": 97.53086419753086, "percent_covered_display": "98", "missing_lines": 2, "excluded_lines": 0, "percent_statements_covered": 97.53086419753086, "percent_statements_covered_display": "98"}, "missing_lines": [62, 113], "excluded_lines": [], "functions": {"run_correlation_check": {"executed_lines": [7, 8, 10, 11, 14, 15, 16, 24, 25, 27, 28, 29, 30, 31, 33, 35, 36, 37, 38, 45], "summary": {"covered_lines": 20, "num_statements": 20, "percent_covered": 100.0, "percent_covered_display": "100", "missing_lines": 0, "excluded_lines": 0, "percent_statements_covered": 100.0, "percent_statements_covered_display": "100"}, "missing_lines": [], "excluded_lines": [], "start_line": 5}, "_build_import_graph": {"executed_lines": [50, 51, 53, 54, 55, 56, 58, 60, 61, 64, 65, 66, 67, 69, 70, 71, 72, 73, 74, 75, 76, 78, 80], "summary": {"covered_lines": 23, "num_statements": 24, "percent_covered": 95.83333333333333, "percent_covered_display": "96", "missing_lines": 1, "excluded_lines": 0, "percent_statements_covered": 95.83333333333333, "percent_statements_covered_display": "96"}, "missing_lines": [62], "excluded_lines": [], "start_line": 48}, "_find_core_modules": {"executed_lines": [86, 87, 88, 89, 92, 93, 95, 96, 97], "summary": {"covered_lines": 9, "num_statements": 9, "percent_covered": 100.0, "percent_covered_display": "100", "missing_lines": 0, "excluded_lines": 0, "percent_statements_covered": 100.0, "percent_statements_covered_display": "100"}, "missing_lines": [], "excluded_lines": [], "start_line": 83}, "_find_cycles": {"executed_lines": [102, 103, 104, 105, 107, 123, 124, 125, 127], "summary": {"covered_lines": 9, "num_statements": 9, "percent_covered": 100.0, "percent_covered_display": "100", "missing_lines": 0, "excluded_lines": 0, "percent_statements_covered": 100.0, "percent_statements_covered_display": "100"}, "missing_lines": [], "excluded_lines": [], "start_line": 100}, "_find_cycles.dfs": {"executed_lines": [108, 109, 110, 111, 112, 114, 115, 116, 117, 118, 119, 120, 121], "summary": {"covered_lines": 13, "num_statements": 14, "percent_covered": 92.85714285714286, "percent_covered_display": "93", "missing_lines": 1, "excluded_lines": 0, "percent_statements_covered": 92.85714285714286, "percent_statements_covered_display": "93"}, "missing_lines": [113], "excluded_lines": [], "start_line": 107}, "": {"executed_lines": [2, 5, 48, 83, 100], "summary": {"covered_lines": 5, "num_statements": 5, "percent_covered": 100.0, "percent_covered_display": "100", "missing_lines": 0, "excluded_lines": 0, "percent_statements_covered": 100.0, "percent_statements_covered_display": "100"}, "missing_lines": [], "excluded_lines": [], "start_line": 1}}, "classes": {"": {"executed_lines": [2, 5, 7, 8, 10, 11, 14, 15, 16, 24, 25, 27, 28, 29, 30, 31, 33, 35, 36, 37, 38, 45, 48, 50, 51, 53, 54, 55, 56, 58, 60, 61, 64, 65, 66, 67, 69, 70, 71, 72, 73, 74, 75, 76, 78, 80, 83, 86, 87, 88, 89, 92, 93, 95, 96, 97, 100, 102, 103, 104, 105, 107, 108, 109, 110, 111, 112, 114, 115, 116, 117, 118, 119, 120, 121, 123, 124, 125, 127], "summary": {"covered_lines": 79, "num_statements": 81, "percent_covered": 97.53086419753086, "percent_covered_display": "98", "missing_lines": 2, "excluded_lines": 0, "percent_statements_covered": 97.53086419753086, "percent_statements_covered_display": "98"}, "missing_lines": [62, 113], "excluded_lines": [], "start_line": 1}}}, "/Users/mac/Desktop/moat/moat/checks/l4_baseline.py": {"executed_lines": [2, 5, 7, 8, 10, 12, 19, 22, 23, 24, 25, 31, 32, 40, 41, 42, 43, 50, 53, 55, 56, 63, 65, 66, 68, 69, 70, 71, 74, 75, 76, 80], "summary": {"covered_lines": 32, "num_statements": 35, "percent_covered": 91.42857142857143, "percent_covered_display": "91", "missing_lines": 3, "excluded_lines": 0, "percent_statements_covered": 91.42857142857143, "percent_statements_covered_display": "91"}, "missing_lines": [73, 77, 78], "excluded_lines": [], "functions": {"run_baseline_check": {"executed_lines": [7, 8, 10, 12, 19, 22, 23, 24, 25, 31, 32, 40, 41, 42, 43, 50], "summary": {"covered_lines": 16, "num_statements": 16, "percent_covered": 100.0, "percent_covered_display": "100", "missing_lines": 0, "excluded_lines": 0, "percent_statements_covered": 100.0, "percent_statements_covered_display": "100"}, "missing_lines": [], "excluded_lines": [], "start_line": 5}, "capture_baseline": {"executed_lines": [55, 56], "summary": {"covered_lines": 2, "num_statements": 2, "percent_covered": 100.0, "percent_covered_display": "100", "missing_lines": 0, "excluded_lines": 0, "percent_statements_covered": 100.0, "percent_statements_covered_display": "100"}, "missing_lines": [], "excluded_lines": [], "start_line": 53}, "_capture_state": {"executed_lines": [65, 66, 68, 69, 70, 71, 74, 75, 76, 80], "summary": {"covered_lines": 10, "num_statements": 13, "percent_covered": 76.92307692307692, "percent_covered_display": "77", "missing_lines": 3, "excluded_lines": 0, "percent_statements_covered": 76.92307692307692, "percent_statements_covered_display": "77"}, "missing_lines": [73, 77, 78], "excluded_lines": [], "start_line": 63}, "": {"executed_lines": [2, 5, 53, 63], "summary": {"covered_lines": 4, "num_statements": 4, "percent_covered": 100.0, "percent_covered_display": "100", "missing_lines": 0, "excluded_lines": 0, "percent_statements_covered": 100.0, "percent_statements_covered_display": "100"}, "missing_lines": [], "excluded_lines": [], "start_line": 1}}, "classes": {"": {"executed_lines": [2, 5, 7, 8, 10, 12, 19, 22, 23, 24, 25, 31, 32, 40, 41, 42, 43, 50, 53, 55, 56, 63, 65, 66, 68, 69, 70, 71, 74, 75, 76, 80], "summary": {"covered_lines": 32, "num_statements": 35, "percent_covered": 91.42857142857143, "percent_covered_display": "91", "missing_lines": 3, "excluded_lines": 0, "percent_statements_covered": 91.42857142857143, "percent_statements_covered_display": "91"}, "missing_lines": [73, 77, 78], "excluded_lines": [], "start_line": 1}}}, "/Users/mac/Desktop/moat/moat/checks/typescript/__init__.py": {"executed_lines": [3, 4, 5, 6, 7, 8, 15], "summary": {"covered_lines": 7, "num_statements": 7, "percent_covered": 100.0, "percent_covered_display": "100", "missing_lines": 0, "excluded_lines": 0, "percent_statements_covered": 100.0, "percent_statements_covered_display": "100"}, "missing_lines": [], "excluded_lines": [], "functions": {"": {"executed_lines": [3, 4, 5, 6, 7, 8, 15], "summary": {"covered_lines": 7, "num_statements": 7, "percent_covered": 100.0, "percent_covered_display": "100", "missing_lines": 0, "excluded_lines": 0, "percent_statements_covered": 100.0, "percent_statements_covered_display": "100"}, "missing_lines": [], "excluded_lines": [], "start_line": 1}}, "classes": {"": {"executed_lines": [3, 4, 5, 6, 7, 8, 15], "summary": {"covered_lines": 7, "num_statements": 7, "percent_covered": 100.0, "percent_covered_display": "100", "missing_lines": 0, "excluded_lines": 0, "percent_statements_covered": 100.0, "percent_statements_covered_display": "100"}, "missing_lines": [], "excluded_lines": [], "start_line": 1}}}, "/Users/mac/Desktop/moat/moat/checks/typescript/any_type.py": {"executed_lines": [], "summary": {"covered_lines": 0, "num_statements": 81, "percent_covered": 0.0, "percent_covered_display": "0", "missing_lines": 81, "excluded_lines": 0, "percent_statements_covered": 0.0, "percent_statements_covered_display": "0"}, "missing_lines": [2, 4, 5, 7, 10, 19, 20, 22, 23, 24, 32, 33, 36, 37, 38, 41, 42, 43, 44, 46, 47, 48, 49, 50, 51, 54, 55, 58, 59, 60, 61, 62, 63, 66, 67, 69, 70, 75, 76, 82, 87, 88, 89, 90, 96, 98, 108, 110, 113, 114, 116, 117, 118, 121, 122, 129, 134, 135, 137, 138, 140, 145, 147, 149, 151, 152, 154, 155, 156, 158, 159, 160, 161, 162, 163, 165, 167, 169, 170, 171, 172], "excluded_lines": [], "functions": {"TypeScriptAnyTypeCheck.__init__": {"executed_lines": [], "summary": {"covered_lines": 0, "num_statements": 2, "percent_covered": 0.0, "percent_covered_display": "0", "missing_lines": 2, "excluded_lines": 0, "percent_statements_covered": 0.0, "percent_statements_covered_display": "0"}, "missing_lines": [23, 24], "excluded_lines": [], "start_line": 22}, "TypeScriptAnyTypeCheck.run": {"executed_lines": [], "summary": {"covered_lines": 0, "num_statements": 34, "percent_covered": 0.0, "percent_covered_display": "0", "missing_lines": 34, "excluded_lines": 0, "percent_statements_covered": 0.0, "percent_statements_covered_display": "0"}, "missing_lines": [33, 36, 37, 38, 41, 42, 43, 44, 46, 47, 48, 49, 50, 51, 54, 55, 58, 59, 60, 61, 62, 63, 66, 67, 69, 70, 75, 76, 82, 87, 88, 89, 90, 96], "excluded_lines": [], "start_line": 32}, "TypeScriptAnyTypeCheck._find_any_uses": {"executed_lines": [], "summary": {"covered_lines": 0, "num_statements": 17, "percent_covered": 0.0, "percent_covered_display": "0", "missing_lines": 17, "excluded_lines": 0, "percent_statements_covered": 0.0, "percent_statements_covered_display": "0"}, "missing_lines": [108, 110, 113, 114, 116, 117, 118, 121, 122, 129, 134, 135, 137, 138, 140, 145, 147], "excluded_lines": [], "start_line": 98}, "TypeScriptAnyTypeCheck._in_string": {"executed_lines": [], "summary": {"covered_lines": 0, "num_statements": 12, "percent_covered": 0.0, "percent_covered_display": "0", "missing_lines": 12, "excluded_lines": 0, "percent_statements_covered": 0.0, "percent_statements_covered_display": "0"}, "missing_lines": [151, 152, 154, 155, 156, 158, 159, 160, 161, 162, 163, 165], "excluded_lines": [], "start_line": 149}, "TypeScriptAnyTypeCheck._find_ts_files": {"executed_lines": [], "summary": {"covered_lines": 0, "num_statements": 4, "percent_covered": 0.0, "percent_covered_display": "0", "missing_lines": 4, "excluded_lines": 0, "percent_statements_covered": 0.0, "percent_statements_covered_display": "0"}, "missing_lines": [169, 170, 171, 172], "excluded_lines": [], "start_line":
[...]
nt_statements_covered": 0.0, "percent_statements_covered_display": "0"}, "missing_lines": [123], "excluded_lines": [], "start_line": 121}, "stop_sidecar": {"executed_lines": [], "summary": {"covered_lines": 0, "num_statements": 1, "percent_covered": 0.0, "percent_covered_display": "0", "missing_lines": 1, "excluded_lines": 0, "percent_statements_covered": 0.0, "percent_statements_covered_display": "0"}, "missing_lines": [128], "excluded_lines": [], "start_line": 126}, "sidecar_status": {"executed_lines": [], "summary": {"covered_lines": 0, "num_statements": 1, "percent_covered": 0.0, "percent_covered_display": "0", "missing_lines": 1, "excluded_lines": 0, "percent_statements_covered": 0.0, "percent_statements_covered_display": "0"}, "missing_lines": [133], "excluded_lines": [], "start_line": 131}, "SidecarAPI.__init__": {"executed_lines": [], "summary": {"covered_lines": 0, "num_statements": 4, "percent_covered": 0.0, "percent_covered_display": "0", "missing_lines": 4, "excluded_lines": 0, "percent_statements_covered": 0.0, "percent_statements_covered_display": "0"}, "missing_lines": [146, 147, 148, 149], "excluded_lines": [], "start_line": 139}, "SidecarAPI.start": {"executed_lines": [], "summary": {"covered_lines": 0, "num_statements": 6, "percent_covered": 0.0, "percent_covered_display": "0", "missing_lines": 6, "excluded_lines": 0, "percent_statements_covered": 0.0, "percent_statements_covered_display": "0"}, "missing_lines": [153, 154, 155, 156, 158, 159], "excluded_lines": [], "start_line": 151}, "SidecarAPI.stop": {"executed_lines": [], "summary": {"covered_lines": 0, "num_statements": 2, "percent_covered": 0.0, "percent_covered_display": "0", "missing_lines": 2, "excluded_lines": 0, "percent_statements_covered": 0.0, "percent_statements_covered_display": "0"}, "missing_lines": [163, 164], "excluded_lines": [], "start_line": 161}, "": {"executed_lines": [], "summary": {"covered_lines": 0, "num_statements": 35, "percent_covered": 0.0, "percent_covered_display": "0", "missing_lines": 35, "excluded_lines": 0, "percent_statements_covered": 0.0, "percent_statements_covered_display": "0"}, "missing_lines": [5, 7, 8, 9, 10, 11, 12, 14, 15, 16, 17, 20, 21, 23, 26, 32, 33, 37, 38, 42, 43, 56, 57, 97, 98, 120, 121, 125, 126, 130, 131, 136, 139, 151, 161], "excluded_lines": [], "start_line": 1}}, "classes": {"CheckRequest": {"executed_lines": [], "summary": {"covered_lines": 0, "num_statements": 0, "percent_covered": 100.0, "percent_covered_display": "100", "missing_lines": 0, "excluded_lines": 0, "percent_statements_covered": 100.0, "percent_statements_covered_display": "100"}, "missing_lines": [], "excluded_lines": [], "start_line": 23}, "CheckResponse": {"executed_lines": [], "summary": {"covered_lines": 0, "num_statements": 0, "percent_covered": 100.0, "percent_covered_display": "100", "missing_lines": 0, "excluded_lines": 0, "percent_statements_covered": 100.0, "percent_statements_covered_display": "100"}, "missing_lines": [], "excluded_lines": [], "start_line": 26}, "SidecarAPI": {"executed_lines": [], "summary": {"covered_lines": 0, "num_statements": 12, "percent_covered": 0.0, "percent_covered_display": "0", "missing_lines": 12, "excluded_lines": 0, "percent_statements_covered": 0.0, "percent_statements_covered_display": "0"}, "missing_lines": [146, 147, 148, 149, 153, 154, 155, 156, 158, 159, 163, 164], "excluded_lines": [], "start_line": 136}, "": {"executed_lines": [], "summary": {"covered_lines": 0, "num_statements": 66, "percent_covered": 0.0, "percent_covered_display": "0", "missing_lines": 66, "excluded_lines": 0, "percent_statements_covered": 0.0, "percent_statements_covered_display": "0"}, "missing_lines": [5, 7, 8, 9, 10, 11, 12, 14, 15, 16, 17, 20, 21, 23, 26, 32, 33, 35, 37, 38, 40, 42, 43, 45, 46, 50, 56, 57, 59, 60, 61, 62, 64, 67, 70, 72, 73, 81, 85, 87, 94, 95, 97, 98, 100, 101, 102, 103, 106, 107, 111, 117, 118, 120, 121, 123, 125, 126, 128, 130, 131, 133, 136, 139, 151, 161], "excluded_lines": [], "start_line": 1}}}, "/Users/mac/Desktop/moat/moat/sidecar/daemon.py": {"executed_lines": [], "summary": {"covered_lines": 0, "num_statements": 163, "percent_covered": 0.0, "percent_covered_display": "0", "missing_lines": 163, "excluded_lines": 0, "percent_statements_covered": 0.0, "percent_statements_covered_display": "0"}, "missing_lines": [20, 21, 22, 23, 24, 25, 26, 27, 28, 30, 33, 36, 42, 43, 44, 45, 47, 57, 58, 59, 62, 64, 66, 67, 70, 71, 73, 79, 80, 81, 82, 84, 86, 87, 90, 91, 92, 93, 94, 95, 98, 99, 102, 103, 105, 106, 108, 109, 110, 111, 112, 113, 114, 115, 117, 123, 124, 125, 127, 133, 134, 136, 146, 147, 148, 149, 150, 151, 152, 154, 156, 162, 163, 165, 166, 167, 168, 169, 170, 172, 178, 179, 180, 181, 183, 192, 193, 194, 195, 196, 197, 198, 200, 206, 208, 209, 211, 212, 213, 215, 216, 217, 218, 221, 222, 224, 225, 226, 227, 228, 230, 231, 232, 233, 234, 235, 237, 239, 246, 248, 274, 275, 276, 284, 287, 288, 289, 290, 291, 292, 293, 294, 296, 297, 298, 299, 300, 302, 304, 305, 307, 309, 310, 311, 312, 315, 321, 322, 323, 325, 326, 327, 329, 331, 332, 333, 336, 337, 338, 339, 340, 341, 343], "excluded_lines": [], "functions": {"SidecarDaemon.__init__": {"executed_lines": [], "summary": {"covered_lines": 0, "num_statements": 4, "percent_covered": 0.0, "percent_covered_display": "0", "missing_lines": 4, "excluded_lines": 0, "percent_statements_covered": 0.0, "percent_statements_covered_display": "0"}, "missing_lines": [42, 43, 44, 45], "excluded_lines": [], "start_line": 36}, "SidecarDaemon.start": {"executed_lines": [], "summary": {"covered_lines": 0, "num_statements": 9, "percent_covered": 0.0, "percent_covered_display": "0", "missing_lines": 9, "excluded_lines": 0, "percent_statements_covered": 0.0, "percent_statements_covered_display": "0"}, "missing_lines": [57, 58, 59, 62, 64, 66, 67, 70, 71], "excluded_lines": [], "start_line": 47}, "SidecarDaemon.stop": {"executed_lines": [], "summary": {"covered_lines": 0, "num_statements": 27, "percent_covered": 0.0, "percent_covered_display": "0", "missing_lines": 27, "excluded_lines": 0, "percent_statements_covered": 0.0, "percent_statements_covered_display": "0"}, "missing_lines": [79, 80, 81, 82, 84, 86, 87, 90, 91, 92, 93, 94, 95, 98, 99, 102, 103, 105, 106, 108, 109, 110, 111, 112, 113, 114, 115], "excluded_lines": [], "start_line": 73}, "SidecarDaemon.restart": {"executed_lines": [], "summary": {"covered_lines": 0, "num_statements": 3, "percent_covered": 0.0, "percent_covered_display": "0", "missing_lines": 3, "excluded_lines": 0, "percent_statements_covered": 0.0, "percent_statements_covered_display": "0"}, "missing_lines": [123, 124, 125], "excluded_lines": [], "start_line": 117}, "SidecarDaemon.status": {"executed_lines": [], "summary": {"covered_lines": 0, "num_statements": 11, "percent_covered": 0.0, "percent_covered_display": "0", "missing_lines": 11, "excluded_lines": 0, "percent_statements_covered": 0.0, "percent_statements_covered_display": "0"}, "missing_lines": [133, 134, 136, 146, 147, 148, 149, 150, 151, 152, 154], "excluded_lines": [], "start_line": 127}, "SidecarDaemon.get_pid": {"executed_lines": [], "summary": {"covered_lines": 0, "num_statements": 8, "percent_covered": 0.0, "percent_covered_display": "0", "missing_lines": 8, "excluded_lines": 0, "percent_statements_covered": 0.0, "percent_statements_covered_display": "0"}, "missing_lines": [162, 163, 165, 166, 167, 168, 169, 170], "excluded_lines": [], "start_line": 156}, "SidecarDaemon.is_running": {"executed_lines": [], "summary": {"covered_lines": 0, "num_statements": 4, "percent_covered": 0.0, "percent_covered_display": "0", "missing_lines": 4, "excluded_lines": 0, "percent_statements_covered": 0.0, "percent_statements_covered_display": "0"}, "missing_lines": [178, 179, 180, 181], "excluded_lines": [], "start_line": 172}, "SidecarDaemon._check_process": {"executed_lines": [], "summary": {"covered_lines": 0, "num_statements": 7, "percent_covered": 0.0, "percent_covered_display": "0", "missing_lines": 7, "excluded_lines": 0, "percent_statements_covered": 0.0, "percent_statements_covered_display": "0"}, "missing_lines": [192, 193, 194, 195, 196, 197, 198], "excluded_lines": [], "start_line": 183}, "SidecarDaemon._run_foreground": {"executed_lines": [], "summary": {"covered_lines": 0, "num_statements": 24, "percent_covered": 0.0, "percent_covered_display": "0", "missing_lines": 24, "excluded_lines": 0, "percent_statements_covered": 0.0, "percent_statements_covered_display": "0"}, "missing_lines": [206, 208, 209, 211, 212, 213, 215, 216, 217, 218, 221, 222, 224, 225, 226, 227, 228, 230, 231, 232, 233, 234, 235, 237], "excluded_lines": [], "start_line": 200}, "SidecarDaemon._run_background": {"executed_lines": [], "summary": {"covered_lines": 0, "num_statements": 19, "percent_covered": 0.0, "percent_covered_display": "0", "missing_lines": 19, "excluded_lines": 0, "percent_statements_covered": 0.0, "percent_statements_covered_display": "0"}, "missing_lines": [246, 248, 274, 275, 276, 284, 287, 288, 289, 290, 291, 292, 293, 294, 296, 297, 298, 299, 300], "excluded_lines": [], "start_line": 239}, "SidecarDaemon._write_pid": {"executed_lines": [], "summary": {"covered_lines": 0, "num_statements": 2, "percent_covered": 0.0, "percent_covered_display": "0", "missing_lines": 2, "excluded_lines": 0, "percent_statements_covered": 0.0, "percent_statements_covered_display": "0"}, "missing_lines": [304, 305], "excluded_lines": [], "start_line": 302}, "SidecarDaemon._cleanup": {"executed_lines": [], "summary": {"covered_lines": 0, "num_statements": 4, "percent_covered": 0.0, "percent_covered_display": "0", "missing_lines": 4, "excluded_lines": 0, "percent_statements_covered": 0.0, "percent_statements_covered_display": "0"}, "missing_lines": [309, 310, 311, 312], "excluded_lines": [], "start_line": 307}, "print_status": {"executed_lines": [], "summary": {"covered_lines": 0, "num_statements": 17, "percent_covered": 0.0, "percent_covered_display": "0", "missing_lines": 17, "excluded_lines": 0, "percent_statements_covered": 0.0, "percent_statements_covered_display": "0"}, "missing_lines": [321, 322, 323, 325, 326, 327, 329, 331, 332, 333, 336, 337, 338, 339, 340, 341, 343], "excluded_lines": [], "start_line": 315}, "": {"executed_lines": [], "summary": {"covered_lines": 0, "num_statements": 24, "percent_covered": 0.0, "percent_covered_display": "0", "missing_lines": 24, "excluded_lines": 0, "percent_statements_covered": 0.0, "percent_statements_covered_display": "0"}, "missing_lines": [20, 21, 22, 23, 24, 25, 26, 27, 28, 30, 33, 36, 47, 73, 117, 127, 156, 172, 183, 200, 239, 302, 307, 315], "excluded_lines": [], "start_line": 1}}, "classes": {"SidecarDaemon": {"executed_lines": [], "summary": {"covered_lines": 0, "num_statements": 122, "percent_covered": 0.0, "percent_covered_display": "0", "missing_lines": 122, "excluded_lines": 0, "percent_statements_covered": 0.0, "percent_statements_covered_display": "0"}, "missing_lines": [42, 43, 44, 45, 57, 58, 59, 62, 64, 66, 67, 70, 71, 79, 80, 81, 82, 84, 86, 87, 90, 91, 92, 93, 94, 95, 98, 99, 102, 103, 105, 106, 108, 109, 110, 111, 112, 113, 114, 115, 123, 124, 125, 133, 134, 136, 146, 147, 148, 149, 150, 151, 152, 154, 162, 163, 165, 166, 167, 168, 169, 170, 178, 179, 180, 181, 192, 193, 194, 195, 196, 197, 198, 206, 208, 209, 211, 212, 213, 215, 216, 217, 218, 221, 222, 224, 225, 226, 227, 228, 230, 231, 232, 233, 234, 235, 237, 246, 248, 274, 275, 276, 284, 287, 288, 289, 290, 291, 292, 293, 294, 296, 297, 298, 299, 300, 304, 305, 309, 310, 311, 312], "excluded_lines": [], "start_line": 33}, "": {"executed_lines": [], "summary": {"covered_lines": 0, "num_statements": 41, "percent_covered": 0.0, "percent_covered_display": "0", "missing_lines": 41, "excluded_lines": 0, "percent_statements_covered": 0.0, "percent_statements_covered_display": "0"}, "missing_lines": [20, 21, 22, 23, 24, 25, 26, 27, 28, 30, 33, 36, 47, 73, 117, 127, 156, 172, 183, 200, 239, 302, 307, 315, 321, 322, 323, 325, 326, 327, 329, 331, 332, 333, 336, 337, 338, 339, 340, 341, 343], "excluded_lines": [], "start_line": 1}}}, "/Users/mac/Desktop/moat/moat/sidecar/watcher.py": {"executed_lines": [], "summary": {"covered_lines": 0, "num_statements": 133, "percent_covered": 0.0, "percent_covered_display": "0", "missing_lines": 133, "excluded_lines": 0, "percent_statements_covered": 0.0, "percent_statements_covered_display": "0"}, "missing_lines": [5, 6, 7, 8, 9, 10, 12, 13, 14, 15, 16, 18, 19, 20, 22, 25, 28, 35, 36, 37, 38, 39, 42, 53, 55, 56, 58, 61, 62, 65, 66, 67, 68, 70, 73, 75, 77, 78, 80, 82, 83, 85, 87, 89, 90, 92, 94, 95, 97, 99, 101, 102, 104, 105, 107, 108, 110, 112, 122, 123, 124, 125, 127, 130, 132, 133, 135, 137, 144, 146, 148, 149, 150, 153, 156, 158, 159, 160, 163, 165, 168, 176, 178, 179, 180, 182, 199, 209, 210, 211, 212, 213, 214, 215, 218, 219, 220, 221, 222, 223, 226, 227, 228, 229, 230, 232, 245, 253, 254, 255, 256, 257, 260, 263, 269, 270, 271, 273, 275, 276, 277, 278, 279, 280, 282, 283, 284, 285, 287, 289, 290, 291, 292], "excluded_lines": [], "functions": {"FileChangeHandler.__init__": {"executed_lines": [], "summary": {"covered_lines": 0, "num_statements": 6, "percent_covered": 0.0, "percent_covered_display": "0", "missing_lines": 6, "excluded_lines": 0, "percent_statements_covered": 0.0, "percent_statements_covered_display": "0"}, "missing_lines": [35, 36, 37, 38, 39, 42], "excluded_lines": [], "start_line": 28}, "FileChangeHandler.on_modified": {"executed_lines": [], "summary": {"covered_lines": 0, "num_statements": 11, "percent_covered": 0.0, "percent_covered_display": "0", "missing_lines": 11, "excluded_lines": 0, "percent_statements_covered": 0.0, "percent_statements_covered_display": "0"}, "missing_lines": [55, 56, 58, 61, 62, 65, 66, 67, 68, 70, 73], "excluded_lines": [], "start_line": 53}, "FileChangeHandler.on_created": {"executed_lines": [], "summary": {"covered_lines": 0, "num_statements": 6, "percent_covered": 0.0, "percent_covered_display": "0", "missing_lines": 6, "excluded_lines": 0, "percent_statements_covered": 0.0, "percent_statements_covered_display": "0"}, "missing_lines": [77, 78, 80, 82, 83, 85], "excluded_lines": [], "start_line": 75}, "FileChangeHandler.on_deleted": {"executed_lines": [], "summary": {"covered_lines": 0, "num_statements": 6, "percent_covered": 0.0, "percent_covered_display": "0", "missing_lines": 6, "excluded_lines": 0, "percent_statements_covered": 0.0, "percent_statements_covered_display": "0"}, "missing_lines": [89, 90, 92, 94, 95, 97], "excluded_lines": [], "start_line": 87}, "FileChangeHandler.on_moved": {"executed_lines": [], "summary": {"covered_lines": 0, "num_statements": 7, "percent_covered": 0.0, "percent_covered_display": "0", "missing_lines": 7, "excluded_lines": 0, "percent_statements_covered": 0.0, "percent_statements_covered_display": "0"}, "missing_lines": [101, 102, 104, 105, 107, 108, 110], "excluded_lines": [], "start_line": 99}, "FileChangeHandler._should_ignore": {"executed_lines": [], "summary": {"covered_lines": 0, "num_statements": 9, "percent_covered": 0.0, "percent_covered_display": "0", "missing_lines": 9, "excluded_lines": 0, "percent_statements_covered": 0.0, "percent_statements_covered_display": "0"}, "missing_lines": [122, 123, 124, 125, 127, 130, 132, 133, 135], "excluded_lines": [], "start_line": 112}, "FileChangeHandler._trigger_check": {"executed_lines": [], "summary": {"covered_lines": 0, "num_statements": 17, "percent_covered": 0.0, "percent_covered_display": "0", "missing_lines": 17, "excluded_lines": 0, "percent_statements_covered": 0.0, "percent_statements_covered_display": "0"}, "missing_lines": [144, 146, 148, 149, 150, 153, 156, 158, 159, 160, 163, 165, 168, 176, 178, 179, 180], "excluded_lines": [], "start_line": 137}, "FileChangeHandler._update_status": {"executed_lines": [], "summary": {"covered_lines": 0, "num_statements": 19, "percent_covered": 0.0, "percent_covered_display": "0", "missing_lines": 19, "excluded_lines": 0, "percent_statements_covered": 0.0, "percent_statements_covered_display": "0"}, "missing_lines": [199, 209, 210, 211, 212, 213, 214, 215, 218, 219, 220, 221, 222, 223, 226, 227, 228, 229, 230], "excluded_lines": [], "start_line": 182}, "FileChangeHandler._log_check": {"executed_lines": [], "summary": {"covered_lines": 0, "num_statements": 6, "percent_covered": 0.0, "percent_covered_display": "0", "missing_lines": 6, "excluded_lines": 0, "percent_statements_covered": 0.0, "percent_statements_covered_display": "0"}, "missing_lines": [245, 253, 254, 255, 256, 257], "excluded_lines": [], "start_line": 232}, "SidecarWatcher.__init__": {"executed_lines": [], "summary": {"covered_lines": 0, "num_statements": 3, "percent_covered": 0.0, "percent_covered_display": "0", "missing_lines": 3, "excluded_lines": 0, "percent_statements_covered": 0.0, "percent_statements_covered_display": "0"}, "missing_lines": [269, 270, 271], "excluded_lines": [], "start_line": 263}, "SidecarWatcher.start": {"executed_lines": [], "summary": {"covered_lines": 0, "num_statements": 10, "percent_covered": 0.0, "percent_covered_display": "0", "missing_lines": 10, "excluded_lines": 0, "percent_statements_covered": 0.0, "percent_statements_covered_display": "0"}, "missing_lines": [275, 276, 277, 278, 279, 280, 282, 283, 284, 285], "excluded_lines": [], "start_line": 273}, "SidecarWatcher.stop": {"executed_lines": [], "summary": {"covered_lines": 0, "num_statements": 4, "percent_covered": 0.0, "percent_covered_display": "0", "missing_lines": 4, "excluded_lines": 0, "percent_statements_covered": 0.0, "percent_statements_covered_display": "0"}, "missing_lines": [289, 290, 291, 292], "excluded_lines": [], "start_line": 287}, "": {"executed_lines": [], "summary": {"covered_lines": 0, "num_statements": 29, "percent_covered": 0.0, "percent_covered_display": "0", "missing_lines": 29, "excluded_lines": 0, "percent_statements_covered": 0.0, "percent_statements_covered_display": "0"}, "missing_lines": [5, 6, 7, 8, 9, 10, 12, 13, 14, 15, 16, 18, 19, 20, 22, 25, 28, 53, 75, 87, 99, 112, 137, 182, 232, 260, 263, 273, 287], "excluded_lines": [], "start_line": 1}}, "classes": {"FileChangeHandler": {"executed_lines": [], "summary": {"covered_lines": 0, "num_statements": 87, "percent_covered": 0.0, "percent_covered_display": "0", "missing_lines": 87, "excluded_lines": 0, "percent_statements_covered": 0.0, "percent_statements_covered_display": "0"}, "missing_lines": [35, 36, 37, 38, 39, 42, 55, 56, 58, 61, 62, 65, 66, 67, 68, 70, 73, 77, 78, 80, 82, 83, 85, 89, 90, 92, 94, 95, 97, 101, 102, 104, 105, 107, 108, 110, 122, 123, 124, 125, 127, 130, 132, 133, 135, 144, 146, 148, 149, 150, 153, 156, 158, 159, 160, 163, 165, 168, 176, 178, 179, 180, 199, 209, 210, 211, 212, 213, 214, 215, 218, 219, 220, 221, 222, 223, 226, 227, 228, 229, 230, 245, 253, 254, 255, 256, 257], "excluded_lines": [], "start_line": 25}, "SidecarWatcher": {"executed_lines": [], "summary": {"covered_lines": 0, "num_statements": 17, "percent_covered": 0.0, "percent_covered_display": "0", "missing_lines": 17, "excluded_lines": 0, "percent_statements_covered": 0.0, "percent_statements_covered_display": "0"}, "missing_lines": [269, 270, 271, 275, 276, 277, 278, 279, 280, 282, 283, 284, 285, 289, 290, 291, 292], "excluded_lines": [], "start_line": 260}, "": {"executed_lines": [], "summary": {"covered_lines": 0, "num_statements": 29, "percent_covered": 0.0, "percent_covered_display": "0", "missing_lines": 29, "excluded_lines": 0, "percent_statements_covered": 0.0, "percent_statements_covered_display": "0"}, "missing_lines": [5, 6, 7, 8, 9, 10, 12, 13, 14, 15, 16, 18, 19, 20, 22, 25, 28, 53, 75, 87, 99, 112, 137, 182, 232, 260, 263, 273, 287], "excluded_lines": [], "start_line": 1}}}}, "totals": {"covered_lines": 1059, "num_statements": 3954, "percent_covered": 26.783004552352047, "percent_covered_display": "27", "missing_lines": 2895, "excluded_lines": 3, "percent_statements_covered": 26.783004552352047, "percent_statements_covered_display": "27"}}